{"C:\\Users\\ruben\\ProyectoDeGrado\\backend\\src\\app.js": {"path":"C:\\Users\\ruben\\ProyectoDeGrado\\backend\\src\\app.js","statementMap":{"0":{"start":{"line":1,"column":16},"end":{"line":1,"column":34}},"1":{"start":{"line":2,"column":13},"end":{"line":2,"column":28}},"2":{"start":{"line":3,"column":15},"end":{"line":3,"column":32}},"3":{"start":{"line":4,"column":15},"end":{"line":4,"column":32}},"4":{"start":{"line":5,"column":18},"end":{"line":5,"column":47}},"5":{"start":{"line":6,"column":22},"end":{"line":6,"column":55}},"6":{"start":{"line":7,"column":12},"end":{"line":7,"column":32}},"7":{"start":{"line":9,"column":15},"end":{"line":9,"column":34}},"8":{"start":{"line":10,"column":42},"end":{"line":10,"column":78}},"9":{"start":{"line":12,"column":12},"end":{"line":12,"column":21}},"10":{"start":{"line":15,"column":0},"end":{"line":33,"column":2}},"11":{"start":{"line":36,"column":21},"end":{"line":36,"column":73}},"12":{"start":{"line":39,"column":22},"end":{"line":39,"column":60}},"13":{"start":{"line":41,"column":0},"end":{"line":49,"column":2}},"14":{"start":{"line":51,"column":0},"end":{"line":51,"column":41}},"15":{"start":{"line":52,"column":0},"end":{"line":52,"column":48}},"16":{"start":{"line":53,"column":0},"end":{"line":53,"column":25}},"17":{"start":{"line":54,"column":0},"end":{"line":54,"column":15}},"18":{"start":{"line":57,"column":0},"end":{"line":57,"column":26}},"19":{"start":{"line":59,"column":13},"end":{"line":59,"column":28}},"20":{"start":{"line":60,"column":28},"end":{"line":60,"column":58}},"21":{"start":{"line":63,"column":0},"end":{"line":67,"column":1}},"22":{"start":{"line":64,"column":2},"end":{"line":64,"column":74}},"23":{"start":{"line":66,"column":2},"end":{"line":66,"column":88}},"24":{"start":{"line":70,"column":0},"end":{"line":156,"column":3}},"25":{"start":{"line":71,"column":2},"end":{"line":73,"column":3}},"26":{"start":{"line":72,"column":4},"end":{"line":72,"column":18}},"27":{"start":{"line":75,"column":20},"end":{"line":75,"column":68}},"28":{"start":{"line":76,"column":2},"end":{"line":78,"column":3}},"29":{"start":{"line":77,"column":4},"end":{"line":77,"column":73}},"30":{"start":{"line":80,"column":23},"end":{"line":80,"column":40}},"31":{"start":{"line":81,"column":2},"end":{"line":83,"column":3}},"32":{"start":{"line":82,"column":4},"end":{"line":82,"column":67}},"33":{"start":{"line":85,"column":20},"end":{"line":85,"column":60}},"34":{"start":{"line":86,"column":16},"end":{"line":93,"column":3}},"35":{"start":{"line":95,"column":2},"end":{"line":155,"column":3}},"36":{"start":{"line":96,"column":20},"end":{"line":96,"column":88}},"37":{"start":{"line":97,"column":4},"end":{"line":99,"column":5}},"38":{"start":{"line":98,"column":6},"end":{"line":98,"column":20}},"39":{"start":{"line":101,"column":21},"end":{"line":101,"column":35}},"40":{"start":{"line":102,"column":24},"end":{"line":102,"column":80}},"41":{"start":{"line":103,"column":18},"end":{"line":103,"column":35}},"42":{"start":{"line":105,"column":4},"end":{"line":134,"column":5}},"43":{"start":{"line":106,"column":20},"end":{"line":106,"column":58}},"44":{"start":{"line":107,"column":20},"end":{"line":107,"column":47}},"45":{"start":{"line":108,"column":18},"end":{"line":108,"column":66}},"46":{"start":{"line":110,"column":6},"end":{"line":113,"column":7}},"47":{"start":{"line":111,"column":8},"end":{"line":111,"column":68}},"48":{"start":{"line":112,"column":8},"end":{"line":112,"column":25}},"49":{"start":{"line":115,"column":24},"end":{"line":115,"column":39}},"50":{"start":{"line":116,"column":6},"end":{"line":116,"column":22}},"51":{"start":{"line":117,"column":6},"end":{"line":122,"column":9}},"52":{"start":{"line":124,"column":6},"end":{"line":126,"column":7}},"53":{"start":{"line":125,"column":8},"end":{"line":125,"column":25}},"54":{"start":{"line":128,"column":29},"end":{"line":128,"column":89}},"55":{"start":{"line":129,"column":6},"end":{"line":132,"column":9}},"56":{"start":{"line":130,"column":8},"end":{"line":130,"column":81}},"57":{"start":{"line":131,"column":8},"end":{"line":131,"column":30}},"58":{"start":{"line":133,"column":6},"end":{"line":133,"column":38}},"59":{"start":{"line":136,"column":4},"end":{"line":140,"column":7}},"60":{"start":{"line":142,"column":4},"end":{"line":144,"column":5}},"61":{"start":{"line":143,"column":6},"end":{"line":143,"column":23}},"62":{"start":{"line":146,"column":19},"end":{"line":146,"column":63}},"63":{"start":{"line":147,"column":4},"end":{"line":150,"column":7}},"64":{"start":{"line":148,"column":6},"end":{"line":148,"column":71}},"65":{"start":{"line":149,"column":6},"end":{"line":149,"column":78}},"66":{"start":{"line":151,"column":4},"end":{"line":151,"column":21}},"67":{"start":{"line":153,"column":4},"end":{"line":153,"column":59}},"68":{"start":{"line":154,"column":4},"end":{"line":154,"column":58}},"69":{"start":{"line":158,"column":0},"end":{"line":160,"column":1}},"70":{"start":{"line":159,"column":2},"end":{"line":159,"column":25}},"71":{"start":{"line":162,"column":16},"end":{"line":167,"column":2}},"72":{"start":{"line":169,"column":0},"end":{"line":169,"column":17}},"73":{"start":{"line":171,"column":0},"end":{"line":171,"column":24}},"74":{"start":{"line":174,"column":0},"end":{"line":271,"column":3}},"75":{"start":{"line":175,"column":19},"end":{"line":175,"column":38}},"76":{"start":{"line":176,"column":30},"end":{"line":176,"column":60}},"77":{"start":{"line":177,"column":20},"end":{"line":177,"column":36}},"78":{"start":{"line":179,"column":2},"end":{"line":270,"column":3}},"79":{"start":{"line":181,"column":22},"end":{"line":181,"column":36}},"80":{"start":{"line":182,"column":26},"end":{"line":182,"column":27}},"81":{"start":{"line":183,"column":20},"end":{"line":183,"column":25}},"82":{"start":{"line":184,"column":18},"end":{"line":184,"column":23}},"83":{"start":{"line":186,"column":4},"end":{"line":205,"column":5}},"84":{"start":{"line":187,"column":6},"end":{"line":187,"column":55}},"85":{"start":{"line":188,"column":6},"end":{"line":188,"column":52}},"86":{"start":{"line":189,"column":6},"end":{"line":189,"column":50}},"87":{"start":{"line":192,"column":6},"end":{"line":204,"column":7}},"88":{"start":{"line":194,"column":10},"end":{"line":194,"column":36}},"89":{"start":{"line":195,"column":10},"end":{"line":195,"column":16}},"90":{"start":{"line":197,"column":10},"end":{"line":197,"column":37}},"91":{"start":{"line":198,"column":10},"end":{"line":198,"column":16}},"92":{"start":{"line":200,"column":10},"end":{"line":200,"column":40}},"93":{"start":{"line":201,"column":10},"end":{"line":201,"column":16}},"94":{"start":{"line":203,"column":10},"end":{"line":203,"column":39}},"95":{"start":{"line":208,"column":25},"end":{"line":208,"column":42}},"96":{"start":{"line":209,"column":23},"end":{"line":209,"column":36}},"97":{"start":{"line":210,"column":23},"end":{"line":210,"column":28}},"98":{"start":{"line":212,"column":4},"end":{"line":215,"column":5}},"99":{"start":{"line":213,"column":6},"end":{"line":213,"column":33}},"100":{"start":{"line":214,"column":6},"end":{"line":214,"column":26}},"101":{"start":{"line":218,"column":26},"end":{"line":218,"column":42}},"102":{"start":{"line":219,"column":28},"end":{"line":219,"column":55}},"103":{"start":{"line":222,"column":23},"end":{"line":254,"column":5}},"104":{"start":{"line":257,"column":23},"end":{"line":257,"column":62}},"105":{"start":{"line":259,"column":4},"end":{"line":259,"column":44}},"106":{"start":{"line":262,"column":4},"end":{"line":262,"column":51}},"107":{"start":{"line":263,"column":4},"end":{"line":269,"column":7}},"108":{"start":{"line":275,"column":15},"end":{"line":275,"column":42}},"109":{"start":{"line":276,"column":16},"end":{"line":276,"column":52}},"110":{"start":{"line":277,"column":18},"end":{"line":277,"column":51}},"111":{"start":{"line":278,"column":15},"end":{"line":278,"column":39}},"112":{"start":{"line":280,"column":2},"end":{"line":288,"column":3}},"113":{"start":{"line":281,"column":4},"end":{"line":281,"column":53}},"114":{"start":{"line":282,"column":9},"end":{"line":288,"column":3}},"115":{"start":{"line":283,"column":4},"end":{"line":283,"column":44}},"116":{"start":{"line":284,"column":9},"end":{"line":288,"column":3}},"117":{"start":{"line":285,"column":4},"end":{"line":285,"column":34}},"118":{"start":{"line":287,"column":4},"end":{"line":287,"column":22}},"119":{"start":{"line":291,"column":0},"end":{"line":291,"column":25}},"120":{"start":{"line":292,"column":0},"end":{"line":292,"column":22}},"121":{"start":{"line":294,"column":0},"end":{"line":294,"column":21}}},"fnMap":{"0":{"name":"(anonymous_0)","decl":{"start":{"line":70,"column":20},"end":{"line":70,"column":21}},"loc":{"start":{"line":70,"column":46},"end":{"line":156,"column":1}},"line":70},"1":{"name":"(anonymous_1)","decl":{"start":{"line":129,"column":33},"end":{"line":129,"column":34}},"loc":{"start":{"line":129,"column":42},"end":{"line":132,"column":7}},"line":129},"2":{"name":"(anonymous_2)","decl":{"start":{"line":147,"column":23},"end":{"line":147,"column":24}},"loc":{"start":{"line":147,"column":32},"end":{"line":150,"column":5}},"line":147},"3":{"name":"(anonymous_3)","decl":{"start":{"line":174,"column":19},"end":{"line":174,"column":20}},"loc":{"start":{"line":174,"column":39},"end":{"line":271,"column":1}},"line":174},"4":{"name":"formatUptime","decl":{"start":{"line":274,"column":9},"end":{"line":274,"column":21}},"loc":{"start":{"line":274,"column":31},"end":{"line":289,"column":1}},"line":274}},"branchMap":{"0":{"loc":{"start":{"line":36,"column":21},"end":{"line":36,"column":73}},"type":"binary-expr","locations":[{"start":{"line":36,"column":21},"end":{"line":36,"column":46}},{"start":{"line":36,"column":50},"end":{"line":36,"column":73}}],"line":36},"1":{"loc":{"start":{"line":43,"column":12},"end":{"line":43,"column":99}},"type":"cond-expr","locations":[{"start":{"line":43,"column":28},"end":{"line":43,"column":32}},{"start":{"line":43,"column":35},"end":{"line":43,"column":99}}],"line":43},"2":{"loc":{"start":{"line":63,"column":0},"end":{"line":67,"column":1}},"type":"if","locations":[{"start":{"line":63,"column":0},"end":{"line":67,"column":1}},{"start":{"line":65,"column":7},"end":{"line":67,"column":1}}],"line":63},"3":{"loc":{"start":{"line":71,"column":2},"end":{"line":73,"column":3}},"type":"if","locations":[{"start":{"line":71,"column":2},"end":{"line":73,"column":3}},{"start":{},"end":{}}],"line":71},"4":{"loc":{"start":{"line":71,"column":6},"end":{"line":71,"column":51}},"type":"binary-expr","locations":[{"start":{"line":71,"column":6},"end":{"line":71,"column":26}},{"start":{"line":71,"column":30},"end":{"line":71,"column":51}}],"line":71},"5":{"loc":{"start":{"line":76,"column":2},"end":{"line":78,"column":3}},"type":"if","locations":[{"start":{"line":76,"column":2},"end":{"line":78,"column":3}},{"start":{},"end":{}}],"line":76},"6":{"loc":{"start":{"line":81,"column":2},"end":{"line":83,"column":3}},"type":"if","locations":[{"start":{"line":81,"column":2},"end":{"line":83,"column":3}},{"start":{},"end":{}}],"line":81},"7":{"loc":{"start":{"line":97,"column":4},"end":{"line":99,"column":5}},"type":"if","locations":[{"start":{"line":97,"column":4},"end":{"line":99,"column":5}},{"start":{},"end":{}}],"line":97},"8":{"loc":{"start":{"line":102,"column":24},"end":{"line":102,"column":80}},"type":"binary-expr","locations":[{"start":{"line":102,"column":24},"end":{"line":102,"column":50}},{"start":{"line":102,"column":54},"end":{"line":102,"column":80}}],"line":102},"9":{"loc":{"start":{"line":105,"column":4},"end":{"line":134,"column":5}},"type":"if","locations":[{"start":{"line":105,"column":4},"end":{"line":134,"column":5}},{"start":{},"end":{}}],"line":105},"10":{"loc":{"start":{"line":107,"column":20},"end":{"line":107,"column":47}},"type":"binary-expr","locations":[{"start":{"line":107,"column":20},"end":{"line":107,"column":42}},{"start":{"line":107,"column":46},"end":{"line":107,"column":47}}],"line":107},"11":{"loc":{"start":{"line":108,"column":18},"end":{"line":108,"column":66}},"type":"cond-expr","locations":[{"start":{"line":108,"column":29},"end":{"line":108,"column":51}},{"start":{"line":108,"column":54},"end":{"line":108,"column":66}}],"line":108},"12":{"loc":{"start":{"line":110,"column":6},"end":{"line":113,"column":7}},"type":"if","locations":[{"start":{"line":110,"column":6},"end":{"line":113,"column":7}},{"start":{},"end":{}}],"line":110},"13":{"loc":{"start":{"line":110,"column":10},"end":{"line":110,"column":46}},"type":"binary-expr","locations":[{"start":{"line":110,"column":10},"end":{"line":110,"column":27}},{"start":{"line":110,"column":31},"end":{"line":110,"column":46}}],"line":110},"14":{"loc":{"start":{"line":124,"column":6},"end":{"line":126,"column":7}},"type":"if","locations":[{"start":{"line":124,"column":6},"end":{"line":126,"column":7}},{"start":{},"end":{}}],"line":124},"15":{"loc":{"start":{"line":142,"column":4},"end":{"line":144,"column":5}},"type":"if","locations":[{"start":{"line":142,"column":4},"end":{"line":144,"column":5}},{"start":{},"end":{}}],"line":142},"16":{"loc":{"start":{"line":158,"column":0},"end":{"line":160,"column":1}},"type":"if","locations":[{"start":{"line":158,"column":0},"end":{"line":160,"column":1}},{"start":{},"end":{}}],"line":158},"17":{"loc":{"start":{"line":186,"column":4},"end":{"line":205,"column":5}},"type":"if","locations":[{"start":{"line":186,"column":4},"end":{"line":205,"column":5}},{"start":{},"end":{}}],"line":186},"18":{"loc":{"start":{"line":186,"column":8},"end":{"line":186,"column":67}},"type":"binary-expr","locations":[{"start":{"line":186,"column":8},"end":{"line":186,"column":27}},{"start":{"line":186,"column":31},"end":{"line":186,"column":67}}],"line":186},"19":{"loc":{"start":{"line":188,"column":18},"end":{"line":188,"column":51}},"type":"binary-expr","locations":[{"start":{"line":188,"column":18},"end":{"line":188,"column":42}},{"start":{"line":188,"column":46},"end":{"line":188,"column":51}}],"line":188},"20":{"loc":{"start":{"line":189,"column":16},"end":{"line":189,"column":49}},"type":"binary-expr","locations":[{"start":{"line":189,"column":16},"end":{"line":189,"column":40}},{"start":{"line":189,"column":44},"end":{"line":189,"column":49}}],"line":189},"21":{"loc":{"start":{"line":192,"column":6},"end":{"line":204,"column":7}},"type":"switch","locations":[{"start":{"line":193,"column":8},"end":{"line":195,"column":16}},{"start":{"line":196,"column":8},"end":{"line":198,"column":16}},{"start":{"line":199,"column":8},"end":{"line":201,"column":16}},{"start":{"line":202,"column":8},"end":{"line":203,"column":39}}],"line":192},"22":{"loc":{"start":{"line":212,"column":4},"end":{"line":215,"column":5}},"type":"if","locations":[{"start":{"line":212,"column":4},"end":{"line":215,"column":5}},{"start":{},"end":{}}],"line":212},"23":{"loc":{"start":{"line":212,"column":8},"end":{"line":212,"column":59}},"type":"binary-expr","locations":[{"start":{"line":212,"column":8},"end":{"line":212,"column":20}},{"start":{"line":212,"column":24},"end":{"line":212,"column":38}},{"start":{"line":212,"column":42},"end":{"line":212,"column":59}}],"line":212},"24":{"loc":{"start":{"line":223,"column":14},"end":{"line":223,"column":61}},"type":"cond-expr","locations":[{"start":{"line":223,"column":44},"end":{"line":223,"column":48}},{"start":{"line":223,"column":51},"end":{"line":223,"column":61}}],"line":223},"25":{"loc":{"start":{"line":227,"column":19},"end":{"line":227,"column":56}},"type":"binary-expr","locations":[{"start":{"line":227,"column":19},"end":{"line":227,"column":39}},{"start":{"line":227,"column":43},"end":{"line":227,"column":56}}],"line":227},"26":{"loc":{"start":{"line":228,"column":15},"end":{"line":228,"column":57}},"type":"binary-expr","locations":[{"start":{"line":228,"column":15},"end":{"line":228,"column":46}},{"start":{"line":228,"column":50},"end":{"line":228,"column":57}}],"line":228},"27":{"loc":{"start":{"line":246,"column":25},"end":{"line":246,"column":127}},"type":"cond-expr","locations":[{"start":{"line":246,"column":72},"end":{"line":246,"column":95}},{"start":{"line":246,"column":98},"end":{"line":246,"column":127}}],"line":246},"28":{"loc":{"start":{"line":251,"column":14},"end":{"line":251,"column":93}},"type":"cond-expr","locations":[{"start":{"line":251,"column":55},"end":{"line":251,"column":78}},{"start":{"line":251,"column":81},"end":{"line":251,"column":93}}],"line":251},"29":{"loc":{"start":{"line":257,"column":23},"end":{"line":257,"column":62}},"type":"cond-expr","locations":[{"start":{"line":257,"column":53},"end":{"line":257,"column":56}},{"start":{"line":257,"column":59},"end":{"line":257,"column":62}}],"line":257},"30":{"loc":{"start":{"line":280,"column":2},"end":{"line":288,"column":3}},"type":"if","locations":[{"start":{"line":280,"column":2},"end":{"line":288,"column":3}},{"start":{"line":282,"column":9},"end":{"line":288,"column":3}}],"line":280},"31":{"loc":{"start":{"line":282,"column":9},"end":{"line":288,"column":3}},"type":"if","locations":[{"start":{"line":282,"column":9},"end":{"line":288,"column":3}},{"start":{"line":284,"column":9},"end":{"line":288,"column":3}}],"line":282},"32":{"loc":{"start":{"line":284,"column":9},"end":{"line":288,"column":3}},"type":"if","locations":[{"start":{"line":284,"column":9},"end":{"line":288,"column":3}},{"start":{"line":286,"column":9},"end":{"line":288,"column":3}}],"line":284}},"s":{"0":1,"1":1,"2":1,"3":1,"4":1,"5":1,"6":1,"7":1,"8":1,"9":1,"10":1,"11":1,"12":1,"13":1,"14":1,"15":1,"16":1,"17":1,"18":1,"19":1,"20":1,"21":1,"22":1,"23":0,"24":1,"25":0,"26":0,"27":0,"28":0,"29":0,"30":0,"31":0,"32":0,"33":0,"34":0,"35":0,"36":0,"37":0,"38":0,"39":0,"40":0,"41":0,"42":0,"43":0,"44":0,"45":0,"46":0,"47":0,"48":0,"49":0,"50":0,"51":0,"52":0,"53":0,"54":0,"55":0,"56":0,"57":0,"58":0,"59":0,"60":0,"61":0,"62":0,"63":0,"64":0,"65":0,"66":0,"67":0,"68":0,"69":1,"70":1,"71":1,"72":1,"73":1,"74":1,"75":0,"76":0,"77":0,"78":0,"79":0,"80":0,"81":0,"82":0,"83":0,"84":0,"85":0,"86":0,"87":0,"88":0,"89":0,"90":0,"91":0,"92":0,"93":0,"94":0,"95":0,"96":0,"97":0,"98":0,"99":0,"100":0,"101":0,"102":0,"103":0,"104":0,"105":0,"106":0,"107":0,"108":0,"109":0,"110":0,"111":0,"112":0,"113":0,"114":0,"115":0,"116":0,"117":0,"118":0,"119":1,"120":1,"121":1},"f":{"0":0,"1":0,"2":0,"3":0,"4":0},"b":{"0":[1,1],"1":[0,1],"2":[1,0],"3":[0,0],"4":[0,0],"5":[0,0],"6":[0,0],"7":[0,0],"8":[0,0],"9":[0,0],"10":[0,0],"11":[0,0],"12":[0,0],"13":[0,0],"14":[0,0],"15":[0,0],"16":[1,0],"17":[0,0],"18":[0,0],"19":[0,0],"20":[0,0],"21":[0,0,0,0],"22":[0,0],"23":[0,0,0],"24":[0,0],"25":[0,0],"26":[0,0],"27":[0,0],"28":[0,0],"29":[0,0],"30":[0,0],"31":[0,0],"32":[0,0]},"_coverageSchema":"1a1c01bbd47fc00a2c39e90264f33305004495a9","hash":"2c3495a33e993584754919e394a3d7fc5d9b3d99"}
,"C:\\Users\\ruben\\ProyectoDeGrado\\backend\\src\\config\\database.js": {"path":"C:\\Users\\ruben\\ProyectoDeGrado\\backend\\src\\config\\database.js","statementMap":{"0":{"start":{"line":1,"column":17},"end":{"line":1,"column":36}},"1":{"start":{"line":9,"column":24},"end":{"line":9,"column":45}},"2":{"start":{"line":11,"column":24},"end":{"line":38,"column":1}},"3":{"start":{"line":12,"column":21},"end":{"line":12,"column":23}},"4":{"start":{"line":15,"column":2},"end":{"line":17,"column":3}},"5":{"start":{"line":16,"column":4},"end":{"line":16,"column":45}},"6":{"start":{"line":20,"column":19},"end":{"line":20,"column":68}},"7":{"start":{"line":22,"column":2},"end":{"line":35,"column":3}},"8":{"start":{"line":23,"column":18},"end":{"line":26,"column":22}},"9":{"start":{"line":25,"column":16},"end":{"line":25,"column":24}},"10":{"start":{"line":28,"column":4},"end":{"line":34,"column":5}},"11":{"start":{"line":29,"column":6},"end":{"line":33,"column":7}},"12":{"start":{"line":30,"column":8},"end":{"line":30,"column":27}},"13":{"start":{"line":32,"column":8},"end":{"line":32,"column":67}},"14":{"start":{"line":37,"column":2},"end":{"line":37,"column":41}},"15":{"start":{"line":40,"column":19},"end":{"line":43,"column":1}},"16":{"start":{"line":41,"column":21},"end":{"line":41,"column":54}},"17":{"start":{"line":42,"column":2},"end":{"line":42,"column":20}},"18":{"start":{"line":45,"column":18},"end":{"line":157,"column":1}},"19":{"start":{"line":46,"column":21},"end":{"line":46,"column":38}},"20":{"start":{"line":47,"column":15},"end":{"line":58,"column":3}},"21":{"start":{"line":60,"column":2},"end":{"line":60,"column":89}},"22":{"start":{"line":62,"column":2},"end":{"line":138,"column":3}},"23":{"start":{"line":62,"column":15},"end":{"line":62,"column":16}},"24":{"start":{"line":63,"column":16},"end":{"line":63,"column":29}},"25":{"start":{"line":64,"column":18},"end":{"line":64,"column":19}},"26":{"start":{"line":65,"column":24},"end":{"line":65,"column":25}},"27":{"start":{"line":67,"column":4},"end":{"line":137,"column":5}},"28":{"start":{"line":68,"column":6},"end":{"line":136,"column":7}},"29":{"start":{"line":69,"column":8},"end":{"line":69,"column":145}},"30":{"start":{"line":72,"column":8},"end":{"line":74,"column":9}},"31":{"start":{"line":73,"column":10},"end":{"line":73,"column":44}},"32":{"start":{"line":76,"column":27},"end":{"line":76,"column":54}},"33":{"start":{"line":77,"column":23},"end":{"line":77,"column":79}},"34":{"start":{"line":80,"column":8},"end":{"line":102,"column":9}},"35":{"start":{"line":81,"column":21},"end":{"line":81,"column":45}},"36":{"start":{"line":84,"column":30},"end":{"line":84,"column":84}},"37":{"start":{"line":86,"column":10},"end":{"line":97,"column":11}},"38":{"start":{"line":87,"column":12},"end":{"line":96,"column":13}},"39":{"start":{"line":88,"column":14},"end":{"line":88,"column":56}},"40":{"start":{"line":89,"column":14},"end":{"line":89,"column":79}},"41":{"start":{"line":91,"column":14},"end":{"line":95,"column":15}},"42":{"start":{"line":92,"column":16},"end":{"line":92,"column":73}},"43":{"start":{"line":93,"column":21},"end":{"line":95,"column":15}},"44":{"start":{"line":94,"column":16},"end":{"line":94,"column":93}},"45":{"start":{"line":99,"column":10},"end":{"line":99,"column":83}},"46":{"start":{"line":101,"column":10},"end":{"line":101,"column":92}},"47":{"start":{"line":104,"column":8},"end":{"line":104,"column":104}},"48":{"start":{"line":107,"column":8},"end":{"line":110,"column":11}},"49":{"start":{"line":108,"column":10},"end":{"line":108,"column":63}},"50":{"start":{"line":112,"column":8},"end":{"line":114,"column":11}},"51":{"start":{"line":113,"column":10},"end":{"line":113,"column":77}},"52":{"start":{"line":116,"column":8},"end":{"line":118,"column":11}},"53":{"start":{"line":117,"column":10},"end":{"line":117,"column":61}},"54":{"start":{"line":120,"column":8},"end":{"line":120,"column":15}},"55":{"start":{"line":122,"column":8},"end":{"line":122,"column":96}},"56":{"start":{"line":123,"column":8},"end":{"line":123,"column":21}},"57":{"start":{"line":126,"column":8},"end":{"line":129,"column":9}},"58":{"start":{"line":127,"column":10},"end":{"line":127,"column":95}},"59":{"start":{"line":128,"column":10},"end":{"line":128,"column":16}},"60":{"start":{"line":132,"column":21},"end":{"line":132,"column":25}},"61":{"start":{"line":133,"column":22},"end":{"line":133,"column":100}},"62":{"start":{"line":134,"column":8},"end":{"line":134,"column":75}},"63":{"start":{"line":135,"column":8},"end":{"line":135,"column":57}},"64":{"start":{"line":135,"column":33},"end":{"line":135,"column":55}},"65":{"start":{"line":141,"column":2},"end":{"line":141,"column":75}},"66":{"start":{"line":142,"column":2},"end":{"line":142,"column":30}},"67":{"start":{"line":143,"column":2},"end":{"line":143,"column":71}},"68":{"start":{"line":144,"column":2},"end":{"line":144,"column":63}},"69":{"start":{"line":145,"column":2},"end":{"line":145,"column":75}},"70":{"start":{"line":146,"column":2},"end":{"line":146,"column":62}},"71":{"start":{"line":149,"column":2},"end":{"line":153,"column":3}},"72":{"start":{"line":150,"column":4},"end":{"line":150,"column":108}},"73":{"start":{"line":151,"column":4},"end":{"line":151,"column":91}},"74":{"start":{"line":152,"column":4},"end":{"line":152,"column":11}},"75":{"start":{"line":156,"column":2},"end":{"line":156,"column":57}},"76":{"start":{"line":159,"column":0},"end":{"line":159,"column":31}}},"fnMap":{"0":{"name":"(anonymous_0)","decl":{"start":{"line":11,"column":24},"end":{"line":11,"column":25}},"loc":{"start":{"line":11,"column":30},"end":{"line":38,"column":1}},"line":11},"1":{"name":"(anonymous_1)","decl":{"start":{"line":25,"column":11},"end":{"line":25,"column":12}},"loc":{"start":{"line":25,"column":16},"end":{"line":25,"column":24}},"line":25},"2":{"name":"(anonymous_2)","decl":{"start":{"line":40,"column":19},"end":{"line":40,"column":20}},"loc":{"start":{"line":40,"column":40},"end":{"line":43,"column":1}},"line":40},"3":{"name":"(anonymous_3)","decl":{"start":{"line":45,"column":18},"end":{"line":45,"column":19}},"loc":{"start":{"line":45,"column":30},"end":{"line":157,"column":1}},"line":45},"4":{"name":"(anonymous_4)","decl":{"start":{"line":107,"column":40},"end":{"line":107,"column":41}},"loc":{"start":{"line":107,"column":49},"end":{"line":110,"column":9}},"line":107},"5":{"name":"(anonymous_5)","decl":{"start":{"line":112,"column":47},"end":{"line":112,"column":48}},"loc":{"start":{"line":112,"column":53},"end":{"line":114,"column":9}},"line":112},"6":{"name":"(anonymous_6)","decl":{"start":{"line":116,"column":46},"end":{"line":116,"column":47}},"loc":{"start":{"line":116,"column":52},"end":{"line":118,"column":9}},"line":116},"7":{"name":"(anonymous_7)","decl":{"start":{"line":135,"column":26},"end":{"line":135,"column":27}},"loc":{"start":{"line":135,"column":33},"end":{"line":135,"column":55}},"line":135}},"branchMap":{"0":{"loc":{"start":{"line":15,"column":2},"end":{"line":17,"column":3}},"type":"if","locations":[{"start":{"line":15,"column":2},"end":{"line":17,"column":3}},{"start":{},"end":{}}],"line":15},"1":{"loc":{"start":{"line":20,"column":19},"end":{"line":20,"column":68}},"type":"binary-expr","locations":[{"start":{"line":20,"column":19},"end":{"line":20,"column":42}},{"start":{"line":20,"column":46},"end":{"line":20,"column":68}}],"line":20},"2":{"loc":{"start":{"line":22,"column":2},"end":{"line":35,"column":3}},"type":"if","locations":[{"start":{"line":22,"column":2},"end":{"line":35,"column":3}},{"start":{},"end":{}}],"line":22},"3":{"loc":{"start":{"line":29,"column":6},"end":{"line":33,"column":7}},"type":"if","locations":[{"start":{"line":29,"column":6},"end":{"line":33,"column":7}},{"start":{"line":31,"column":13},"end":{"line":33,"column":7}}],"line":29},"4":{"loc":{"start":{"line":72,"column":8},"end":{"line":74,"column":9}},"type":"if","locations":[{"start":{"line":72,"column":8},"end":{"line":74,"column":9}},{"start":{},"end":{}}],"line":72},"5":{"loc":{"start":{"line":77,"column":23},"end":{"line":77,"column":79}},"type":"binary-expr","locations":[{"start":{"line":77,"column":23},"end":{"line":77,"column":60}},{"start":{"line":77,"column":64},"end":{"line":77,"column":79}}],"line":77},"6":{"loc":{"start":{"line":91,"column":14},"end":{"line":95,"column":15}},"type":"if","locations":[{"start":{"line":91,"column":14},"end":{"line":95,"column":15}},{"start":{"line":93,"column":21},"end":{"line":95,"column":15}}],"line":91},"7":{"loc":{"start":{"line":91,"column":18},"end":{"line":91,"column":36}},"type":"binary-expr","locations":[{"start":{"line":91,"column":18},"end":{"line":91,"column":19}},{"start":{"line":91,"column":23},"end":{"line":91,"column":36}}],"line":91},"8":{"loc":{"start":{"line":93,"column":21},"end":{"line":95,"column":15}},"type":"if","locations":[{"start":{"line":93,"column":21},"end":{"line":95,"column":15}},{"start":{},"end":{}}],"line":93},"9":{"loc":{"start":{"line":94,"column":77},"end":{"line":94,"column":91}},"type":"binary-expr","locations":[{"start":{"line":94,"column":77},"end":{"line":94,"column":86}},{"start":{"line":94,"column":90},"end":{"line":94,"column":91}}],"line":94},"10":{"loc":{"start":{"line":101,"column":76},"end":{"line":101,"column":90}},"type":"binary-expr","locations":[{"start":{"line":101,"column":76},"end":{"line":101,"column":85}},{"start":{"line":101,"column":89},"end":{"line":101,"column":90}}],"line":101},"11":{"loc":{"start":{"line":126,"column":8},"end":{"line":129,"column":9}},"type":"if","locations":[{"start":{"line":126,"column":8},"end":{"line":129,"column":9}},{"start":{},"end":{}}],"line":126},"12":{"loc":{"start":{"line":149,"column":2},"end":{"line":153,"column":3}},"type":"if","locations":[{"start":{"line":149,"column":2},"end":{"line":153,"column":3}},{"start":{},"end":{}}],"line":149}},"s":{"0":1,"1":1,"2":1,"3":1,"4":1,"5":0,"6":1,"7":1,"8":0,"9":0,"10":0,"11":0,"12":0,"13":0,"14":1,"15":1,"16":0,"17":0,"18":1,"19":1,"20":1,"21":1,"22":1,"23":1,"24":0,"25":0,"26":0,"27":0,"28":0,"29":0,"30":0,"31":0,"32":0,"33":0,"34":0,"35":0,"36":0,"37":0,"38":0,"39":0,"40":0,"41":0,"42":0,"43":0,"44":0,"45":0,"46":0,"47":0,"48":0,"49":0,"50":0,"51":0,"52":0,"53":0,"54":0,"55":0,"56":0,"57":0,"58":0,"59":0,"60":0,"61":0,"62":0,"63":0,"64":0,"65":1,"66":1,"67":1,"68":1,"69":1,"70":1,"71":1,"72":0,"73":0,"74":0,"75":1,"76":1},"f":{"0":1,"1":0,"2":0,"3":1,"4":0,"5":0,"6":0,"7":0},"b":{"0":[0,1],"1":[1,1],"2":[0,1],"3":[0,0],"4":[0,0],"5":[0,0],"6":[0,0],"7":[0,0],"8":[0,0],"9":[0,0],"10":[0,0],"11":[0,0],"12":[0,1]},"_coverageSchema":"1a1c01bbd47fc00a2c39e90264f33305004495a9","hash":"3b2895b4e9c659c1c2ca9953109092454991766b"}
,"C:\\Users\\ruben\\ProyectoDeGrado\\backend\\src\\controllers\\auth.controller.js": {"path":"C:\\Users\\ruben\\ProyectoDeGrado\\backend\\src\\controllers\\auth.controller.js","statementMap":{"0":{"start":{"line":1,"column":15},"end":{"line":1,"column":34}},"1":{"start":{"line":2,"column":15},"end":{"line":2,"column":32}},"2":{"start":{"line":3,"column":12},"end":{"line":3,"column":35}},"3":{"start":{"line":5,"column":16},"end":{"line":5,"column":44}},"4":{"start":{"line":6,"column":25},"end":{"line":6,"column":62}},"5":{"start":{"line":7,"column":29},"end":{"line":7,"column":68}},"6":{"start":{"line":9,"column":36},"end":{"line":9,"column":38}},"7":{"start":{"line":10,"column":30},"end":{"line":10,"column":31}},"8":{"start":{"line":12,"column":23},"end":{"line":12,"column":90}},"9":{"start":{"line":12,"column":34},"end":{"line":12,"column":90}},"10":{"start":{"line":14,"column":29},"end":{"line":14,"column":79}},"11":{"start":{"line":14,"column":35},"end":{"line":14,"column":79}},"12":{"start":{"line":16,"column":21},"end":{"line":22,"column":1}},"13":{"start":{"line":17,"column":17},"end":{"line":17,"column":39}},"14":{"start":{"line":18,"column":2},"end":{"line":20,"column":3}},"15":{"start":{"line":19,"column":4},"end":{"line":19,"column":103}},"16":{"start":{"line":21,"column":2},"end":{"line":21,"column":16}},"17":{"start":{"line":24,"column":17},"end":{"line":50,"column":1}},"18":{"start":{"line":25,"column":2},"end":{"line":49,"column":3}},"19":{"start":{"line":26,"column":55},"end":{"line":26,"column":63}},"20":{"start":{"line":27,"column":28},"end":{"line":27,"column":62}},"21":{"start":{"line":29,"column":21},"end":{"line":29,"column":77}},"22":{"start":{"line":30,"column":4},"end":{"line":32,"column":5}},"23":{"start":{"line":31,"column":6},"end":{"line":31,"column":73}},"24":{"start":{"line":34,"column":19},"end":{"line":34,"column":50}},"25":{"start":{"line":35,"column":17},"end":{"line":41,"column":6}},"26":{"start":{"line":43,"column":4},"end":{"line":46,"column":7}},"27":{"start":{"line":48,"column":4},"end":{"line":48,"column":16}},"28":{"start":{"line":52,"column":32},"end":{"line":81,"column":1}},"29":{"start":{"line":53,"column":2},"end":{"line":80,"column":3}},"30":{"start":{"line":54,"column":21},"end":{"line":54,"column":54}},"31":{"start":{"line":55,"column":17},"end":{"line":55,"column":73}},"32":{"start":{"line":58,"column":4},"end":{"line":60,"column":5}},"33":{"start":{"line":59,"column":6},"end":{"line":59,"column":104}},"34":{"start":{"line":62,"column":17},"end":{"line":62,"column":39}},"35":{"start":{"line":63,"column":21},"end":{"line":63,"column":75}},"36":{"start":{"line":64,"column":4},"end":{"line":74,"column":6}},"37":{"start":{"line":76,"column":4},"end":{"line":76,"column":43}},"38":{"start":{"line":77,"column":4},"end":{"line":77,"column":102}},"39":{"start":{"line":79,"column":4},"end":{"line":79,"column":16}},"40":{"start":{"line":83,"column":22},"end":{"line":106,"column":1}},"41":{"start":{"line":84,"column":2},"end":{"line":105,"column":3}},"42":{"start":{"line":85,"column":21},"end":{"line":85,"column":54}},"43":{"start":{"line":86,"column":21},"end":{"line":86,"column":86}},"44":{"start":{"line":87,"column":21},"end":{"line":87,"column":65}},"45":{"start":{"line":89,"column":4},"end":{"line":91,"column":5}},"46":{"start":{"line":90,"column":6},"end":{"line":90,"column":87}},"47":{"start":{"line":93,"column":4},"end":{"line":96,"column":5}},"48":{"start":{"line":94,"column":6},"end":{"line":94,"column":88}},"49":{"start":{"line":95,"column":6},"end":{"line":95,"column":87}},"50":{"start":{"line":98,"column":21},"end":{"line":98,"column":64}},"51":{"start":{"line":99,"column":4},"end":{"line":99,"column":87}},"52":{"start":{"line":100,"column":4},"end":{"line":100,"column":60}},"53":{"start":{"line":102,"column":4},"end":{"line":102,"column":74}},"54":{"start":{"line":104,"column":4},"end":{"line":104,"column":16}},"55":{"start":{"line":108,"column":11},"end":{"line":116,"column":1}},"56":{"start":{"line":110,"column":15},"end":{"line":110,"column":23}},"57":{"start":{"line":112,"column":2},"end":{"line":115,"column":5}},"58":{"start":{"line":118,"column":16},"end":{"line":143,"column":1}},"59":{"start":{"line":119,"column":2},"end":{"line":142,"column":3}},"60":{"start":{"line":120,"column":29},"end":{"line":120,"column":37}},"61":{"start":{"line":121,"column":4},"end":{"line":123,"column":5}},"62":{"start":{"line":122,"column":6},"end":{"line":122,"column":75}},"63":{"start":{"line":125,"column":17},"end":{"line":125,"column":56}},"64":{"start":{"line":126,"column":4},"end":{"line":128,"column":5}},"65":{"start":{"line":127,"column":6},"end":{"line":127,"column":74}},"66":{"start":{"line":130,"column":28},"end":{"line":130,"column":66}},"67":{"start":{"line":131,"column":4},"end":{"line":131,"column":81}},"68":{"start":{"line":133,"column":18},"end":{"line":137,"column":5}},"69":{"start":{"line":139,"column":4},"end":{"line":139,"column":62}},"70":{"start":{"line":141,"column":4},"end":{"line":141,"column":85}},"71":{"start":{"line":145,"column":14},"end":{"line":171,"column":1}},"72":{"start":{"line":146,"column":2},"end":{"line":170,"column":3}},"73":{"start":{"line":147,"column":32},"end":{"line":147,"column":40}},"74":{"start":{"line":148,"column":28},"end":{"line":148,"column":62}},"75":{"start":{"line":150,"column":17},"end":{"line":150,"column":93}},"76":{"start":{"line":151,"column":4},"end":{"line":153,"column":5}},"77":{"start":{"line":152,"column":6},"end":{"line":152,"column":74}},"78":{"start":{"line":155,"column":20},"end":{"line":155,"column":65}},"79":{"start":{"line":156,"column":4},"end":{"line":158,"column":5}},"80":{"start":{"line":157,"column":6},"end":{"line":157,"column":74}},"81":{"start":{"line":160,"column":18},"end":{"line":162,"column":6}},"82":{"start":{"line":164,"column":25},"end":{"line":164,"column":63}},"83":{"start":{"line":165,"column":4},"end":{"line":165,"column":64}},"84":{"start":{"line":167,"column":4},"end":{"line":167,"column":45}},"85":{"start":{"line":169,"column":4},"end":{"line":169,"column":16}},"86":{"start":{"line":173,"column":15},"end":{"line":181,"column":1}},"87":{"start":{"line":174,"column":2},"end":{"line":180,"column":3}},"88":{"start":{"line":175,"column":19},"end":{"line":175,"column":50}},"89":{"start":{"line":176,"column":4},"end":{"line":176,"column":68}},"90":{"start":{"line":177,"column":4},"end":{"line":177,"column":65}},"91":{"start":{"line":179,"column":4},"end":{"line":179,"column":16}},"92":{"start":{"line":183,"column":0},"end":{"line":191,"column":2}}},"fnMap":{"0":{"name":"(anonymous_0)","decl":{"start":{"line":12,"column":23},"end":{"line":12,"column":24}},"loc":{"start":{"line":12,"column":34},"end":{"line":12,"column":90}},"line":12},"1":{"name":"(anonymous_1)","decl":{"start":{"line":14,"column":29},"end":{"line":14,"column":30}},"loc":{"start":{"line":14,"column":35},"end":{"line":14,"column":79}},"line":14},"2":{"name":"(anonymous_2)","decl":{"start":{"line":16,"column":21},"end":{"line":16,"column":22}},"loc":{"start":{"line":16,"column":27},"end":{"line":22,"column":1}},"line":16},"3":{"name":"(anonymous_3)","decl":{"start":{"line":24,"column":17},"end":{"line":24,"column":18}},"loc":{"start":{"line":24,"column":43},"end":{"line":50,"column":1}},"line":24},"4":{"name":"(anonymous_4)","decl":{"start":{"line":52,"column":32},"end":{"line":52,"column":33}},"loc":{"start":{"line":52,"column":58},"end":{"line":81,"column":1}},"line":52},"5":{"name":"(anonymous_5)","decl":{"start":{"line":83,"column":22},"end":{"line":83,"column":23}},"loc":{"start":{"line":83,"column":48},"end":{"line":106,"column":1}},"line":83},"6":{"name":"(anonymous_6)","decl":{"start":{"line":108,"column":11},"end":{"line":108,"column":12}},"loc":{"start":{"line":108,"column":31},"end":{"line":116,"column":1}},"line":108},"7":{"name":"(anonymous_7)","decl":{"start":{"line":118,"column":16},"end":{"line":118,"column":17}},"loc":{"start":{"line":118,"column":36},"end":{"line":143,"column":1}},"line":118},"8":{"name":"(anonymous_8)","decl":{"start":{"line":145,"column":14},"end":{"line":145,"column":15}},"loc":{"start":{"line":145,"column":40},"end":{"line":171,"column":1}},"line":145},"9":{"name":"(anonymous_9)","decl":{"start":{"line":173,"column":15},"end":{"line":173,"column":16}},"loc":{"start":{"line":173,"column":41},"end":{"line":181,"column":1}},"line":173}},"branchMap":{"0":{"loc":{"start":{"line":18,"column":2},"end":{"line":20,"column":3}},"type":"if","locations":[{"start":{"line":18,"column":2},"end":{"line":20,"column":3}},{"start":{},"end":{}}],"line":18},"1":{"loc":{"start":{"line":30,"column":4},"end":{"line":32,"column":5}},"type":"if","locations":[{"start":{"line":30,"column":4},"end":{"line":32,"column":5}},{"start":{},"end":{}}],"line":30},"2":{"loc":{"start":{"line":38,"column":14},"end":{"line":38,"column":36}},"type":"binary-expr","locations":[{"start":{"line":38,"column":14},"end":{"line":38,"column":20}},{"start":{"line":38,"column":24},"end":{"line":38,"column":36}}],"line":38},"3":{"loc":{"start":{"line":39,"column":11},"end":{"line":39,"column":27}},"type":"binary-expr","locations":[{"start":{"line":39,"column":11},"end":{"line":39,"column":14}},{"start":{"line":39,"column":18},"end":{"line":39,"column":27}}],"line":39},"4":{"loc":{"start":{"line":40,"column":16},"end":{"line":40,"column":58}},"type":"cond-expr","locations":[{"start":{"line":40,"column":27},"end":{"line":40,"column":51}},{"start":{"line":40,"column":54},"end":{"line":40,"column":58}}],"line":40},"5":{"loc":{"start":{"line":58,"column":4},"end":{"line":60,"column":5}},"type":"if","locations":[{"start":{"line":58,"column":4},"end":{"line":60,"column":5}},{"start":{},"end":{}}],"line":58},"6":{"loc":{"start":{"line":89,"column":4},"end":{"line":91,"column":5}},"type":"if","locations":[{"start":{"line":89,"column":4},"end":{"line":91,"column":5}},{"start":{},"end":{}}],"line":89},"7":{"loc":{"start":{"line":89,"column":8},"end":{"line":89,"column":99}},"type":"binary-expr","locations":[{"start":{"line":89,"column":8},"end":{"line":89,"column":17}},{"start":{"line":89,"column":21},"end":{"line":89,"column":53}},{"start":{"line":89,"column":57},"end":{"line":89,"column":99}}],"line":89},"8":{"loc":{"start":{"line":93,"column":4},"end":{"line":96,"column":5}},"type":"if","locations":[{"start":{"line":93,"column":4},"end":{"line":96,"column":5}},{"start":{},"end":{}}],"line":93},"9":{"loc":{"start":{"line":121,"column":4},"end":{"line":123,"column":5}},"type":"if","locations":[{"start":{"line":121,"column":4},"end":{"line":123,"column":5}},{"start":{},"end":{}}],"line":121},"10":{"loc":{"start":{"line":126,"column":4},"end":{"line":128,"column":5}},"type":"if","locations":[{"start":{"line":126,"column":4},"end":{"line":128,"column":5}},{"start":{},"end":{}}],"line":126},"11":{"loc":{"start":{"line":151,"column":4},"end":{"line":153,"column":5}},"type":"if","locations":[{"start":{"line":151,"column":4},"end":{"line":153,"column":5}},{"start":{},"end":{}}],"line":151},"12":{"loc":{"start":{"line":156,"column":4},"end":{"line":158,"column":5}},"type":"if","locations":[{"start":{"line":156,"column":4},"end":{"line":158,"column":5}},{"start":{},"end":{}}],"line":156},"13":{"loc":{"start":{"line":175,"column":19},"end":{"line":175,"column":50}},"type":"binary-expr","locations":[{"start":{"line":175,"column":19},"end":{"line":175,"column":34}},{"start":{"line":175,"column":38},"end":{"line":175,"column":50}}],"line":175}},"s":{"0":1,"1":1,"2":1,"3":1,"4":1,"5":1,"6":1,"7":1,"8":1,"9":0,"10":1,"11":0,"12":1,"13":0,"14":0,"15":0,"16":0,"17":1,"18":0,"19":0,"20":0,"21":0,"22":0,"23":0,"24":0,"25":0,"26":0,"27":0,"28":1,"29":0,"30":0,"31":0,"32":0,"33":0,"34":0,"35":0,"36":0,"37":0,"38":0,"39":0,"40":1,"41":0,"42":0,"43":0,"44":0,"45":0,"46":0,"47":0,"48":0,"49":0,"50":0,"51":0,"52":0,"53":0,"54":0,"55":1,"56":0,"57":0,"58":1,"59":0,"60":0,"61":0,"62":0,"63":0,"64":0,"65":0,"66":0,"67":0,"68":0,"69":0,"70":0,"71":1,"72":0,"73":0,"74":0,"75":0,"76":0,"77":0,"78":0,"79":0,"80":0,"81":0,"82":0,"83":0,"84":0,"85":0,"86":1,"87":0,"88":0,"89":0,"90":0,"91":0,"92":1},"f":{"0":0,"1":0,"2":0,"3":0,"4":0,"5":0,"6":0,"7":0,"8":0,"9":0},"b":{"0":[0,0],"1":[0,0],"2":[0,0],"3":[0,0],"4":[0,0],"5":[0,0],"6":[0,0],"7":[0,0,0],"8":[0,0],"9":[0,0],"10":[0,0],"11":[0,0],"12":[0,0],"13":[0,0]},"_coverageSchema":"1a1c01bbd47fc00a2c39e90264f33305004495a9","hash":"069b1dc15143d2fa4da7c7e9c6c74768e66dc5d6"}
,"C:\\Users\\ruben\\ProyectoDeGrado\\backend\\src\\controllers\\post.controller.js": {"path":"C:\\Users\\ruben\\ProyectoDeGrado\\backend\\src\\controllers\\post.controller.js","statementMap":{"0":{"start":{"line":1,"column":20},"end":{"line":1,"column":52}},"1":{"start":{"line":2,"column":19},"end":{"line":2,"column":50}},"2":{"start":{"line":3,"column":17},"end":{"line":3,"column":46}},"3":{"start":{"line":4,"column":16},"end":{"line":4,"column":44}},"4":{"start":{"line":10,"column":0},"end":{"line":118,"column":2}},"5":{"start":{"line":11,"column":2},"end":{"line":117,"column":3}},"6":{"start":{"line":12,"column":54},"end":{"line":12,"column":62}},"7":{"start":{"line":13,"column":19},"end":{"line":13,"column":30}},"8":{"start":{"line":18,"column":4},"end":{"line":35,"column":5}},"9":{"start":{"line":19,"column":20},"end":{"line":19,"column":94}},"10":{"start":{"line":20,"column":6},"end":{"line":34,"column":7}},"11":{"start":{"line":21,"column":8},"end":{"line":33,"column":9}},"12":{"start":{"line":23,"column":10},"end":{"line":23,"column":91}},"13":{"start":{"line":24,"column":15},"end":{"line":33,"column":9}},"14":{"start":{"line":26,"column":10},"end":{"line":29,"column":13}},"15":{"start":{"line":32,"column":10},"end":{"line":32,"column":76}},"16":{"start":{"line":39,"column":23},"end":{"line":39,"column":25}},"17":{"start":{"line":41,"column":4},"end":{"line":83,"column":5}},"18":{"start":{"line":42,"column":6},"end":{"line":82,"column":7}},"19":{"start":{"line":44,"column":30},"end":{"line":44,"column":78}},"20":{"start":{"line":45,"column":26},"end":{"line":45,"column":34}},"21":{"start":{"line":47,"column":8},"end":{"line":62,"column":9}},"22":{"start":{"line":48,"column":10},"end":{"line":48,"column":33}},"23":{"start":{"line":49,"column":15},"end":{"line":62,"column":9}},"24":{"start":{"line":50,"column":10},"end":{"line":50,"column":32}},"25":{"start":{"line":51,"column":15},"end":{"line":62,"column":9}},"26":{"start":{"line":52,"column":10},"end":{"line":52,"column":32}},"27":{"start":{"line":55,"column":10},"end":{"line":61,"column":11}},"28":{"start":{"line":56,"column":12},"end":{"line":60,"column":15}},"29":{"start":{"line":65,"column":26},"end":{"line":79,"column":9}},"30":{"start":{"line":81,"column":8},"end":{"line":81,"column":35}},"31":{"start":{"line":86,"column":29},"end":{"line":104,"column":6}},"32":{"start":{"line":106,"column":4},"end":{"line":106,"column":34}},"33":{"start":{"line":109,"column":4},"end":{"line":109,"column":81}},"34":{"start":{"line":111,"column":4},"end":{"line":114,"column":7}},"35":{"start":{"line":116,"column":4},"end":{"line":116,"column":16}},"36":{"start":{"line":120,"column":0},"end":{"line":159,"column":2}},"37":{"start":{"line":121,"column":2},"end":{"line":158,"column":3}},"38":{"start":{"line":122,"column":19},"end":{"line":122,"column":30}},"39":{"start":{"line":125,"column":26},"end":{"line":131,"column":13}},"40":{"start":{"line":134,"column":27},"end":{"line":150,"column":6}},"41":{"start":{"line":135,"column":23},"end":{"line":135,"column":82}},"42":{"start":{"line":135,"column":46},"end":{"line":135,"column":81}},"43":{"start":{"line":136,"column":27},"end":{"line":136,"column":90}},"44":{"start":{"line":136,"column":54},"end":{"line":136,"column":89}},"45":{"start":{"line":139,"column":29},"end":{"line":139,"column":59}},"46":{"start":{"line":139,"column":53},"end":{"line":139,"column":58}},"47":{"start":{"line":141,"column":6},"end":{"line":149,"column":8}},"48":{"start":{"line":152,"column":4},"end":{"line":155,"column":7}},"49":{"start":{"line":157,"column":4},"end":{"line":157,"column":16}},"50":{"start":{"line":161,"column":0},"end":{"line":196,"column":2}},"51":{"start":{"line":162,"column":2},"end":{"line":195,"column":3}},"52":{"start":{"line":163,"column":19},"end":{"line":163,"column":29}},"53":{"start":{"line":164,"column":19},"end":{"line":164,"column":30}},"54":{"start":{"line":166,"column":24},"end":{"line":173,"column":13}},"55":{"start":{"line":175,"column":4},"end":{"line":177,"column":5}},"56":{"start":{"line":176,"column":6},"end":{"line":176,"column":76}},"57":{"start":{"line":179,"column":21},"end":{"line":179,"column":90}},"58":{"start":{"line":179,"column":53},"end":{"line":179,"column":89}},"59":{"start":{"line":180,"column":25},"end":{"line":180,"column":98}},"60":{"start":{"line":180,"column":61},"end":{"line":180,"column":97}},"61":{"start":{"line":182,"column":4},"end":{"line":192,"column":7}},"62":{"start":{"line":186,"column":77},"end":{"line":186,"column":87}},"63":{"start":{"line":194,"column":4},"end":{"line":194,"column":16}},"64":{"start":{"line":202,"column":0},"end":{"line":235,"column":2}},"65":{"start":{"line":203,"column":2},"end":{"line":234,"column":3}},"66":{"start":{"line":204,"column":19},"end":{"line":204,"column":29}},"67":{"start":{"line":205,"column":19},"end":{"line":205,"column":30}},"68":{"start":{"line":207,"column":24},"end":{"line":207,"column":54}},"69":{"start":{"line":208,"column":4},"end":{"line":210,"column":5}},"70":{"start":{"line":209,"column":6},"end":{"line":209,"column":76}},"71":{"start":{"line":212,"column":18},"end":{"line":214,"column":5}},"72":{"start":{"line":213,"column":15},"end":{"line":213,"column":51}},"73":{"start":{"line":215,"column":19},"end":{"line":215,"column":24}},"74":{"start":{"line":217,"column":4},"end":{"line":223,"column":5}},"75":{"start":{"line":218,"column":6},"end":{"line":218,"column":37}},"76":{"start":{"line":219,"column":6},"end":{"line":219,"column":22}},"77":{"start":{"line":221,"column":6},"end":{"line":221,"column":41}},"78":{"start":{"line":222,"column":6},"end":{"line":222,"column":23}},"79":{"start":{"line":225,"column":4},"end":{"line":225,"column":29}},"80":{"start":{"line":227,"column":4},"end":{"line":231,"column":7}},"81":{"start":{"line":233,"column":4},"end":{"line":233,"column":16}},"82":{"start":{"line":237,"column":0},"end":{"line":269,"column":2}},"83":{"start":{"line":238,"column":2},"end":{"line":268,"column":3}},"84":{"start":{"line":239,"column":19},"end":{"line":239,"column":29}},"85":{"start":{"line":240,"column":19},"end":{"line":240,"column":30}},"86":{"start":{"line":242,"column":24},"end":{"line":242,"column":54}},"87":{"start":{"line":243,"column":4},"end":{"line":245,"column":5}},"88":{"start":{"line":244,"column":6},"end":{"line":244,"column":76}},"89":{"start":{"line":247,"column":18},"end":{"line":249,"column":5}},"90":{"start":{"line":248,"column":15},"end":{"line":248,"column":51}},"91":{"start":{"line":250,"column":23},"end":{"line":250,"column":28}},"92":{"start":{"line":252,"column":4},"end":{"line":258,"column":5}},"93":{"start":{"line":253,"column":6},"end":{"line":253,"column":41}},"94":{"start":{"line":254,"column":6},"end":{"line":254,"column":26}},"95":{"start":{"line":256,"column":6},"end":{"line":256,"column":45}},"96":{"start":{"line":257,"column":6},"end":{"line":257,"column":27}},"97":{"start":{"line":260,"column":4},"end":{"line":260,"column":29}},"98":{"start":{"line":262,"column":4},"end":{"line":265,"column":7}},"99":{"start":{"line":267,"column":4},"end":{"line":267,"column":16}},"100":{"start":{"line":271,"column":0},"end":{"line":304,"column":2}},"101":{"start":{"line":272,"column":2},"end":{"line":303,"column":3}},"102":{"start":{"line":273,"column":19},"end":{"line":273,"column":29}},"103":{"start":{"line":274,"column":22},"end":{"line":274,"column":30}},"104":{"start":{"line":275,"column":19},"end":{"line":275,"column":30}},"105":{"start":{"line":277,"column":24},"end":{"line":277,"column":54}},"106":{"start":{"line":278,"column":4},"end":{"line":280,"column":5}},"107":{"start":{"line":279,"column":6},"end":{"line":279,"column":76}},"108":{"start":{"line":282,"column":28},"end":{"line":286,"column":6}},"109":{"start":{"line":289,"column":4},"end":{"line":289,"column":54}},"110":{"start":{"line":290,"column":4},"end":{"line":290,"column":29}},"111":{"start":{"line":292,"column":31},"end":{"line":295,"column":5}},"112":{"start":{"line":297,"column":4},"end":{"line":300,"column":7}},"113":{"start":{"line":302,"column":4},"end":{"line":302,"column":16}},"114":{"start":{"line":310,"column":0},"end":{"line":332,"column":2}},"115":{"start":{"line":311,"column":2},"end":{"line":331,"column":3}},"116":{"start":{"line":312,"column":19},"end":{"line":312,"column":29}},"117":{"start":{"line":313,"column":19},"end":{"line":313,"column":30}},"118":{"start":{"line":315,"column":24},"end":{"line":315,"column":54}},"119":{"start":{"line":316,"column":4},"end":{"line":318,"column":5}},"120":{"start":{"line":317,"column":6},"end":{"line":317,"column":76}},"121":{"start":{"line":320,"column":4},"end":{"line":323,"column":5}},"122":{"start":{"line":321,"column":6},"end":{"line":321,"column":44}},"123":{"start":{"line":322,"column":6},"end":{"line":322,"column":31}},"124":{"start":{"line":325,"column":4},"end":{"line":328,"column":7}},"125":{"start":{"line":330,"column":4},"end":{"line":330,"column":16}},"126":{"start":{"line":334,"column":0},"end":{"line":364,"column":2}},"127":{"start":{"line":335,"column":2},"end":{"line":363,"column":3}},"128":{"start":{"line":336,"column":19},"end":{"line":336,"column":29}},"129":{"start":{"line":337,"column":46},"end":{"line":337,"column":54}},"130":{"start":{"line":338,"column":19},"end":{"line":338,"column":30}},"131":{"start":{"line":341,"column":27},"end":{"line":344,"column":6}},"132":{"start":{"line":346,"column":4},"end":{"line":348,"column":5}},"133":{"start":{"line":347,"column":6},"end":{"line":347,"column":86}},"134":{"start":{"line":350,"column":4},"end":{"line":355,"column":7}},"135":{"start":{"line":357,"column":4},"end":{"line":360,"column":7}},"136":{"start":{"line":362,"column":4},"end":{"line":362,"column":16}},"137":{"start":{"line":366,"column":0},"end":{"line":396,"column":2}},"138":{"start":{"line":367,"column":2},"end":{"line":395,"column":3}},"139":{"start":{"line":368,"column":19},"end":{"line":368,"column":29}},"140":{"start":{"line":369,"column":19},"end":{"line":369,"column":30}},"141":{"start":{"line":370,"column":54},"end":{"line":370,"column":62}},"142":{"start":{"line":372,"column":24},"end":{"line":372,"column":54}},"143":{"start":{"line":373,"column":4},"end":{"line":375,"column":5}},"144":{"start":{"line":374,"column":6},"end":{"line":374,"column":76}},"145":{"start":{"line":377,"column":4},"end":{"line":379,"column":5}},"146":{"start":{"line":378,"column":6},"end":{"line":378,"column":102}},"147":{"start":{"line":381,"column":4},"end":{"line":381,"column":67}},"148":{"start":{"line":381,"column":33},"end":{"line":381,"column":67}},"149":{"start":{"line":382,"column":4},"end":{"line":382,"column":64}},"150":{"start":{"line":382,"column":32},"end":{"line":382,"column":64}},"151":{"start":{"line":383,"column":4},"end":{"line":383,"column":90}},"152":{"start":{"line":383,"column":32},"end":{"line":383,"column":90}},"153":{"start":{"line":384,"column":4},"end":{"line":384,"column":82}},"154":{"start":{"line":384,"column":30},"end":{"line":384,"column":82}},"155":{"start":{"line":386,"column":4},"end":{"line":386,"column":29}},"156":{"start":{"line":388,"column":4},"end":{"line":392,"column":7}},"157":{"start":{"line":394,"column":4},"end":{"line":394,"column":16}},"158":{"start":{"line":398,"column":0},"end":{"line":422,"column":2}},"159":{"start":{"line":399,"column":2},"end":{"line":421,"column":3}},"160":{"start":{"line":400,"column":19},"end":{"line":400,"column":29}},"161":{"start":{"line":401,"column":19},"end":{"line":401,"column":30}},"162":{"start":{"line":403,"column":24},"end":{"line":403,"column":54}},"163":{"start":{"line":404,"column":4},"end":{"line":406,"column":5}},"164":{"start":{"line":405,"column":6},"end":{"line":405,"column":76}},"165":{"start":{"line":408,"column":4},"end":{"line":410,"column":5}},"166":{"start":{"line":409,"column":6},"end":{"line":409,"column":101}},"167":{"start":{"line":412,"column":4},"end":{"line":412,"column":37}},"168":{"start":{"line":413,"column":4},"end":{"line":413,"column":29}},"169":{"start":{"line":415,"column":4},"end":{"line":418,"column":7}},"170":{"start":{"line":420,"column":4},"end":{"line":420,"column":16}},"171":{"start":{"line":428,"column":0},"end":{"line":457,"column":2}},"172":{"start":{"line":429,"column":2},"end":{"line":456,"column":3}},"173":{"start":{"line":430,"column":21},"end":{"line":430,"column":31}},"174":{"start":{"line":431,"column":19},"end":{"line":431,"column":30}},"175":{"start":{"line":433,"column":26},"end":{"line":440,"column":11}},"176":{"start":{"line":442,"column":27},"end":{"line":447,"column":6}},"177":{"start":{"line":443,"column":6},"end":{"line":446,"column":8}},"178":{"start":{"line":445,"column":61},"end":{"line":445,"column":71}},"179":{"start":{"line":449,"column":4},"end":{"line":453,"column":7}},"180":{"start":{"line":455,"column":4},"end":{"line":455,"column":16}},"181":{"start":{"line":459,"column":0},"end":{"line":487,"column":2}},"182":{"start":{"line":460,"column":2},"end":{"line":486,"column":3}},"183":{"start":{"line":461,"column":19},"end":{"line":461,"column":30}},"184":{"start":{"line":463,"column":26},"end":{"line":470,"column":11}},"185":{"start":{"line":472,"column":27},"end":{"line":477,"column":6}},"186":{"start":{"line":473,"column":6},"end":{"line":476,"column":8}},"187":{"start":{"line":475,"column":61},"end":{"line":475,"column":71}},"188":{"start":{"line":479,"column":4},"end":{"line":483,"column":7}},"189":{"start":{"line":485,"column":4},"end":{"line":485,"column":16}}},"fnMap":{"0":{"name":"(anonymous_0)","decl":{"start":{"line":10,"column":27},"end":{"line":10,"column":28}},"loc":{"start":{"line":10,"column":53},"end":{"line":118,"column":1}},"line":10},"1":{"name":"(anonymous_1)","decl":{"start":{"line":120,"column":22},"end":{"line":120,"column":23}},"loc":{"start":{"line":120,"column":48},"end":{"line":159,"column":1}},"line":120},"2":{"name":"(anonymous_2)","decl":{"start":{"line":134,"column":45},"end":{"line":134,"column":46}},"loc":{"start":{"line":134,"column":54},"end":{"line":150,"column":5}},"line":134},"3":{"name":"(anonymous_3)","decl":{"start":{"line":135,"column":38},"end":{"line":135,"column":39}},"loc":{"start":{"line":135,"column":46},"end":{"line":135,"column":81}},"line":135},"4":{"name":"(anonymous_4)","decl":{"start":{"line":136,"column":46},"end":{"line":136,"column":47}},"loc":{"start":{"line":136,"column":54},"end":{"line":136,"column":89}},"line":136},"5":{"name":"(anonymous_5)","decl":{"start":{"line":139,"column":48},"end":{"line":139,"column":49}},"loc":{"start":{"line":139,"column":53},"end":{"line":139,"column":58}},"line":139},"6":{"name":"(anonymous_6)","decl":{"start":{"line":161,"column":36},"end":{"line":161,"column":37}},"loc":{"start":{"line":161,"column":62},"end":{"line":196,"column":1}},"line":161},"7":{"name":"(anonymous_7)","decl":{"start":{"line":179,"column":44},"end":{"line":179,"column":45}},"loc":{"start":{"line":179,"column":53},"end":{"line":179,"column":89}},"line":179},"8":{"name":"(anonymous_8)","decl":{"start":{"line":180,"column":52},"end":{"line":180,"column":53}},"loc":{"start":{"line":180,"column":61},"end":{"line":180,"column":97}},"line":180},"9":{"name":"(anonymous_9)","decl":{"start":{"line":186,"column":72},"end":{"line":186,"column":73}},"loc":{"start":{"line":186,"column":77},"end":{"line":186,"column":87}},"line":186},"10":{"name":"(anonymous_10)","decl":{"start":{"line":202,"column":21},"end":{"line":202,"column":22}},"loc":{"start":{"line":202,"column":47},"end":{"line":235,"column":1}},"line":202},"11":{"name":"(anonymous_11)","decl":{"start":{"line":213,"column":6},"end":{"line":213,"column":7}},"loc":{"start":{"line":213,"column":15},"end":{"line":213,"column":51}},"line":213},"12":{"name":"(anonymous_12)","decl":{"start":{"line":237,"column":25},"end":{"line":237,"column":26}},"loc":{"start":{"line":237,"column":51},"end":{"line":269,"column":1}},"line":237},"13":{"name":"(anonymous_13)","decl":{"start":{"line":248,"column":6},"end":{"line":248,"column":7}},"loc":{"start":{"line":248,"column":15},"end":{"line":248,"column":51}},"line":248},"14":{"name":"(anonymous_14)","decl":{"start":{"line":271,"column":19},"end":{"line":271,"column":20}},"loc":{"start":{"line":271,"column":45},"end":{"line":304,"column":1}},"line":271},"15":{"name":"(anonymous_15)","decl":{"start":{"line":310,"column":30},"end":{"line":310,"column":31}},"loc":{"start":{"line":310,"column":56},"end":{"line":332,"column":1}},"line":310},"16":{"name":"(anonymous_16)","decl":{"start":{"line":334,"column":31},"end":{"line":334,"column":32}},"loc":{"start":{"line":334,"column":57},"end":{"line":364,"column":1}},"line":334},"17":{"name":"(anonymous_17)","decl":{"start":{"line":366,"column":28},"end":{"line":366,"column":29}},"loc":{"start":{"line":366,"column":54},"end":{"line":396,"column":1}},"line":366},"18":{"name":"(anonymous_18)","decl":{"start":{"line":398,"column":30},"end":{"line":398,"column":31}},"loc":{"start":{"line":398,"column":56},"end":{"line":422,"column":1}},"line":398},"19":{"name":"(anonymous_19)","decl":{"start":{"line":428,"column":24},"end":{"line":428,"column":25}},"loc":{"start":{"line":428,"column":50},"end":{"line":457,"column":1}},"line":428},"20":{"name":"(anonymous_20)","decl":{"start":{"line":442,"column":45},"end":{"line":442,"column":46}},"loc":{"start":{"line":442,"column":52},"end":{"line":447,"column":5}},"line":442},"21":{"name":"(anonymous_21)","decl":{"start":{"line":445,"column":56},"end":{"line":445,"column":57}},"loc":{"start":{"line":445,"column":61},"end":{"line":445,"column":71}},"line":445},"22":{"name":"(anonymous_22)","decl":{"start":{"line":459,"column":30},"end":{"line":459,"column":31}},"loc":{"start":{"line":459,"column":56},"end":{"line":487,"column":1}},"line":459},"23":{"name":"(anonymous_23)","decl":{"start":{"line":472,"column":45},"end":{"line":472,"column":46}},"loc":{"start":{"line":472,"column":52},"end":{"line":477,"column":5}},"line":472},"24":{"name":"(anonymous_24)","decl":{"start":{"line":475,"column":56},"end":{"line":475,"column":57}},"loc":{"start":{"line":475,"column":61},"end":{"line":475,"column":71}},"line":475}},"branchMap":{"0":{"loc":{"start":{"line":18,"column":4},"end":{"line":35,"column":5}},"type":"if","locations":[{"start":{"line":18,"column":4},"end":{"line":35,"column":5}},{"start":{},"end":{}}],"line":18},"1":{"loc":{"start":{"line":20,"column":6},"end":{"line":34,"column":7}},"type":"if","locations":[{"start":{"line":20,"column":6},"end":{"line":34,"column":7}},{"start":{},"end":{}}],"line":20},"2":{"loc":{"start":{"line":20,"column":10},"end":{"line":20,"column":68}},"type":"binary-expr","locations":[{"start":{"line":20,"column":10},"end":{"line":20,"column":15}},{"start":{"line":20,"column":19},"end":{"line":20,"column":68}}],"line":20},"3":{"loc":{"start":{"line":21,"column":8},"end":{"line":33,"column":9}},"type":"if","locations":[{"start":{"line":21,"column":8},"end":{"line":33,"column":9}},{"start":{"line":24,"column":15},"end":{"line":33,"column":9}}],"line":21},"4":{"loc":{"start":{"line":24,"column":15},"end":{"line":33,"column":9}},"type":"if","locations":[{"start":{"line":24,"column":15},"end":{"line":33,"column":9}},{"start":{"line":30,"column":15},"end":{"line":33,"column":9}}],"line":24},"5":{"loc":{"start":{"line":41,"column":4},"end":{"line":83,"column":5}},"type":"if","locations":[{"start":{"line":41,"column":4},"end":{"line":83,"column":5}},{"start":{},"end":{}}],"line":41},"6":{"loc":{"start":{"line":41,"column":8},"end":{"line":41,"column":41}},"type":"binary-expr","locations":[{"start":{"line":41,"column":8},"end":{"line":41,"column":17}},{"start":{"line":41,"column":21},"end":{"line":41,"column":41}}],"line":41},"7":{"loc":{"start":{"line":47,"column":8},"end":{"line":62,"column":9}},"type":"if","locations":[{"start":{"line":47,"column":8},"end":{"line":62,"column":9}},{"start":{"line":49,"column":15},"end":{"line":62,"column":9}}],"line":47},"8":{"loc":{"start":{"line":49,"column":15},"end":{"line":62,"column":9}},"type":"if","locations":[{"start":{"line":49,"column":15},"end":{"line":62,"column":9}},{"start":{"line":51,"column":15},"end":{"line":62,"column":9}}],"line":49},"9":{"loc":{"start":{"line":51,"column":15},"end":{"line":62,"column":9}},"type":"if","locations":[{"start":{"line":51,"column":15},"end":{"line":62,"column":9}},{"start":{},"end":{}}],"line":51},"10":{"loc":{"start":{"line":55,"column":10},"end":{"line":61,"column":11}},"type":"if","locations":[{"start":{"line":55,"column":10},"end":{"line":61,"column":11}},{"start":{},"end":{}}],"line":55},"11":{"loc":{"start":{"line":55,"column":14},"end":{"line":55,"column":49}},"type":"binary-expr","locations":[{"start":{"line":55,"column":14},"end":{"line":55,"column":27}},{"start":{"line":55,"column":31},"end":{"line":55,"column":49}}],"line":55},"12":{"loc":{"start":{"line":69,"column":18},"end":{"line":69,"column":32}},"type":"binary-expr","locations":[{"start":{"line":69,"column":18},"end":{"line":69,"column":27}},{"start":{"line":69,"column":31},"end":{"line":69,"column":32}}],"line":69},"13":{"loc":{"start":{"line":71,"column":20},"end":{"line":71,"column":64}},"type":"cond-expr","locations":[{"start":{"line":71,"column":44},"end":{"line":71,"column":57}},{"start":{"line":71,"column":60},"end":{"line":71,"column":64}}],"line":71},"14":{"loc":{"start":{"line":77,"column":20},"end":{"line":77,"column":51}},"type":"binary-expr","locations":[{"start":{"line":77,"column":20},"end":{"line":77,"column":34}},{"start":{"line":77,"column":38},"end":{"line":77,"column":51}}],"line":77},"15":{"loc":{"start":{"line":89,"column":16},"end":{"line":89,"column":37}},"type":"binary-expr","locations":[{"start":{"line":89,"column":16},"end":{"line":89,"column":24}},{"start":{"line":89,"column":28},"end":{"line":89,"column":37}}],"line":89},"16":{"loc":{"start":{"line":90,"column":16},"end":{"line":90,"column":50}},"type":"cond-expr","locations":[{"start":{"line":90,"column":27},"end":{"line":90,"column":43}},{"start":{"line":90,"column":46},"end":{"line":90,"column":50}}],"line":90},"17":{"loc":{"start":{"line":91,"column":14},"end":{"line":91,"column":44}},"type":"cond-expr","locations":[{"start":{"line":91,"column":23},"end":{"line":91,"column":37}},{"start":{"line":91,"column":40},"end":{"line":91,"column":44}}],"line":91},"18":{"loc":{"start":{"line":175,"column":4},"end":{"line":177,"column":5}},"type":"if","locations":[{"start":{"line":175,"column":4},"end":{"line":177,"column":5}},{"start":{},"end":{}}],"line":175},"19":{"loc":{"start":{"line":175,"column":8},"end":{"line":175,"column":55}},"type":"binary-expr","locations":[{"start":{"line":175,"column":8},"end":{"line":175,"column":20}},{"start":{"line":175,"column":24},"end":{"line":175,"column":55}}],"line":175},"20":{"loc":{"start":{"line":186,"column":20},"end":{"line":186,"column":93}},"type":"cond-expr","locations":[{"start":{"line":186,"column":45},"end":{"line":186,"column":88}},{"start":{"line":186,"column":91},"end":{"line":186,"column":93}}],"line":186},"21":{"loc":{"start":{"line":186,"column":77},"end":{"line":186,"column":87}},"type":"binary-expr","locations":[{"start":{"line":186,"column":77},"end":{"line":186,"column":82}},{"start":{"line":186,"column":86},"end":{"line":186,"column":87}}],"line":186},"22":{"loc":{"start":{"line":208,"column":4},"end":{"line":210,"column":5}},"type":"if","locations":[{"start":{"line":208,"column":4},"end":{"line":210,"column":5}},{"start":{},"end":{}}],"line":208},"23":{"loc":{"start":{"line":217,"column":4},"end":{"line":223,"column":5}},"type":"if","locations":[{"start":{"line":217,"column":4},"end":{"line":223,"column":5}},{"start":{"line":220,"column":11},"end":{"line":223,"column":5}}],"line":217},"24":{"loc":{"start":{"line":243,"column":4},"end":{"line":245,"column":5}},"type":"if","locations":[{"start":{"line":243,"column":4},"end":{"line":245,"column":5}},{"start":{},"end":{}}],"line":243},"25":{"loc":{"start":{"line":252,"column":4},"end":{"line":258,"column":5}},"type":"if","locations":[{"start":{"line":252,"column":4},"end":{"line":258,"column":5}},{"start":{"line":255,"column":11},"end":{"line":258,"column":5}}],"line":252},"26":{"loc":{"start":{"line":278,"column":4},"end":{"line":280,"column":5}},"type":"if","locations":[{"start":{"line":278,"column":4},"end":{"line":280,"column":5}},{"start":{},"end":{}}],"line":278},"27":{"loc":{"start":{"line":316,"column":4},"end":{"line":318,"column":5}},"type":"if","locations":[{"start":{"line":316,"column":4},"end":{"line":318,"column":5}},{"start":{},"end":{}}],"line":316},"28":{"loc":{"start":{"line":320,"column":4},"end":{"line":323,"column":5}},"type":"if","locations":[{"start":{"line":320,"column":4},"end":{"line":323,"column":5}},{"start":{},"end":{}}],"line":320},"29":{"loc":{"start":{"line":346,"column":4},"end":{"line":348,"column":5}},"type":"if","locations":[{"start":{"line":346,"column":4},"end":{"line":348,"column":5}},{"start":{},"end":{}}],"line":346},"30":{"loc":{"start":{"line":373,"column":4},"end":{"line":375,"column":5}},"type":"if","locations":[{"start":{"line":373,"column":4},"end":{"line":375,"column":5}},{"start":{},"end":{}}],"line":373},"31":{"loc":{"start":{"line":373,"column":8},"end":{"line":373,"column":55}},"type":"binary-expr","locations":[{"start":{"line":373,"column":8},"end":{"line":373,"column":20}},{"start":{"line":373,"column":24},"end":{"line":373,"column":55}}],"line":373},"32":{"loc":{"start":{"line":377,"column":4},"end":{"line":379,"column":5}},"type":"if","locations":[{"start":{"line":377,"column":4},"end":{"line":379,"column":5}},{"start":{},"end":{}}],"line":377},"33":{"loc":{"start":{"line":381,"column":4},"end":{"line":381,"column":67}},"type":"if","locations":[{"start":{"line":381,"column":4},"end":{"line":381,"column":67}},{"start":{},"end":{}}],"line":381},"34":{"loc":{"start":{"line":382,"column":4},"end":{"line":382,"column":64}},"type":"if","locations":[{"start":{"line":382,"column":4},"end":{"line":382,"column":64}},{"start":{},"end":{}}],"line":382},"35":{"loc":{"start":{"line":383,"column":4},"end":{"line":383,"column":90}},"type":"if","locations":[{"start":{"line":383,"column":4},"end":{"line":383,"column":90}},{"start":{},"end":{}}],"line":383},"36":{"loc":{"start":{"line":383,"column":55},"end":{"line":383,"column":89}},"type":"cond-expr","locations":[{"start":{"line":383,"column":66},"end":{"line":383,"column":82}},{"start":{"line":383,"column":85},"end":{"line":383,"column":89}}],"line":383},"37":{"loc":{"start":{"line":384,"column":4},"end":{"line":384,"column":82}},"type":"if","locations":[{"start":{"line":384,"column":4},"end":{"line":384,"column":82}},{"start":{},"end":{}}],"line":384},"38":{"loc":{"start":{"line":384,"column":51},"end":{"line":384,"column":81}},"type":"cond-expr","locations":[{"start":{"line":384,"column":60},"end":{"line":384,"column":74}},{"start":{"line":384,"column":77},"end":{"line":384,"column":81}}],"line":384},"39":{"loc":{"start":{"line":404,"column":4},"end":{"line":406,"column":5}},"type":"if","locations":[{"start":{"line":404,"column":4},"end":{"line":406,"column":5}},{"start":{},"end":{}}],"line":404},"40":{"loc":{"start":{"line":404,"column":8},"end":{"line":404,"column":55}},"type":"binary-expr","locations":[{"start":{"line":404,"column":8},"end":{"line":404,"column":20}},{"start":{"line":404,"column":24},"end":{"line":404,"column":55}}],"line":404},"41":{"loc":{"start":{"line":408,"column":4},"end":{"line":410,"column":5}},"type":"if","locations":[{"start":{"line":408,"column":4},"end":{"line":410,"column":5}},{"start":{},"end":{}}],"line":408},"42":{"loc":{"start":{"line":445,"column":20},"end":{"line":445,"column":77}},"type":"cond-expr","locations":[{"start":{"line":445,"column":37},"end":{"line":445,"column":72}},{"start":{"line":445,"column":75},"end":{"line":445,"column":77}}],"line":445},"43":{"loc":{"start":{"line":445,"column":61},"end":{"line":445,"column":71}},"type":"binary-expr","locations":[{"start":{"line":445,"column":61},"end":{"line":445,"column":66}},{"start":{"line":445,"column":70},"end":{"line":445,"column":71}}],"line":445},"44":{"loc":{"start":{"line":475,"column":20},"end":{"line":475,"column":77}},"type":"cond-expr","locations":[{"start":{"line":475,"column":37},"end":{"line":475,"column":72}},{"start":{"line":475,"column":75},"end":{"line":475,"column":77}}],"line":475},"45":{"loc":{"start":{"line":475,"column":61},"end":{"line":475,"column":71}},"type":"binary-expr","locations":[{"start":{"line":475,"column":61},"end":{"line":475,"column":66}},{"start":{"line":475,"column":70},"end":{"line":475,"column":71}}],"line":475}},"s":{"0":1,"1":1,"2":1,"3":1,"4":1,"5":0,"6":0,"7":0,"8":0,"9":0,"10":0,"11":0,"12":0,"13":0,"14":0,"15":0,"16":0,"17":0,"18":0,"19":0,"20":0,"21":0,"22":0,"23":0,"24":0,"25":0,"26":0,"27":0,"28":0,"29":0,"30":0,"31":0,"32":0,"33":0,"34":0,"35":0,"36":1,"37":0,"38":0,"39":0,"40":0,"41":0,"42":0,"43":0,"44":0,"45":0,"46":0,"47":0,"48":0,"49":0,"50":1,"51":0,"52":0,"53":0,"54":0,"55":0,"56":0,"57":0,"58":0,"59":0,"60":0,"61":0,"62":0,"63":0,"64":1,"65":0,"66":0,"67":0,"68":0,"69":0,"70":0,"71":0,"72":0,"73":0,"74":0,"75":0,"76":0,"77":0,"78":0,"79":0,"80":0,"81":0,"82":1,"83":0,"84":0,"85":0,"86":0,"87":0,"88":0,"89":0,"90":0,"91":0,"92":0,"93":0,"94":0,"95":0,"96":0,"97":0,"98":0,"99":0,"100":1,"101":0,"102":0,"103":0,"104":0,"105":0,"106":0,"107":0,"108":0,"109":0,"110":0,"111":0,"112":0,"113":0,"114":1,"115":0,"116":0,"117":0,"118":0,"119":0,"120":0,"121":0,"122":0,"123":0,"124":0,"125":0,"126":1,"127":0,"128":0,"129":0,"130":0,"131":0,"132":0,"133":0,"134":0,"135":0,"136":0,"137":1,"138":0,"139":0,"140":0,"141":0,"142":0,"143":0,"144":0,"145":0,"146":0,"147":0,"148":0,"149":0,"150":0,"151":0,"152":0,"153":0,"154":0,"155":0,"156":0,"157":0,"158":1,"159":0,"160":0,"161":0,"162":0,"163":0,"164":0,"165":0,"166":0,"167":0,"168":0,"169":0,"170":0,"171":1,"172":0,"173":0,"174":0,"175":0,"176":0,"177":0,"178":0,"179":0,"180":0,"181":1,"182":0,"183":0,"184":0,"185":0,"186":0,"187":0,"188":0,"189":0},"f":{"0":0,"1":0,"2":0,"3":0,"4":0,"5":0,"6":0,"7":0,"8":0,"9":0,"10":0,"11":0,"12":0,"13":0,"14":0,"15":0,"16":0,"17":0,"18":0,"19":0,"20":0,"21":0,"22":0,"23":0,"24":0},"b":{"0":[0,0],"1":[0,0],"2":[0,0],"3":[0,0],"4":[0,0],"5":[0,0],"6":[0,0],"7":[0,0],"8":[0,0],"9":[0,0],"10":[0,0],"11":[0,0],"12":[0,0],"13":[0,0],"14":[0,0],"15":[0,0],"16":[0,0],"17":[0,0],"18":[0,0],"19":[0,0],"20":[0,0],"21":[0,0],"22":[0,0],"23":[0,0],"24":[0,0],"25":[0,0],"26":[0,0],"27":[0,0],"28":[0,0],"29":[0,0],"30":[0,0],"31":[0,0],"32":[0,0],"33":[0,0],"34":[0,0],"35":[0,0],"36":[0,0],"37":[0,0],"38":[0,0],"39":[0,0],"40":[0,0],"41":[0,0],"42":[0,0],"43":[0,0],"44":[0,0],"45":[0,0]},"_coverageSchema":"1a1c01bbd47fc00a2c39e90264f33305004495a9","hash":"8e588dca0d973f86a9b9fc455611bc136aa624fc"}
,"C:\\Users\\ruben\\ProyectoDeGrado\\backend\\src\\controllers\\search.controller.js": {"path":"C:\\Users\\ruben\\ProyectoDeGrado\\backend\\src\\controllers\\search.controller.js","statementMap":{"0":{"start":{"line":1,"column":20},"end":{"line":1,"column":52}},"1":{"start":{"line":2,"column":16},"end":{"line":2,"column":44}},"2":{"start":{"line":4,"column":0},"end":{"line":66,"column":2}},"3":{"start":{"line":5,"column":2},"end":{"line":65,"column":3}},"4":{"start":{"line":6,"column":18},"end":{"line":6,"column":27}},"5":{"start":{"line":7,"column":18},"end":{"line":7,"column":47}},"6":{"start":{"line":10,"column":18},"end":{"line":16,"column":64}},"7":{"start":{"line":19,"column":18},"end":{"line":29,"column":14}},"8":{"start":{"line":32,"column":26},"end":{"line":42,"column":14}},"9":{"start":{"line":45,"column":22},"end":{"line":54,"column":5}},"10":{"start":{"line":46,"column":29},"end":{"line":46,"column":86}},"11":{"start":{"line":46,"column":70},"end":{"line":46,"column":80}},"12":{"start":{"line":47,"column":6},"end":{"line":53,"column":8}},"13":{"start":{"line":56,"column":4},"end":{"line":62,"column":7}},"14":{"start":{"line":64,"column":4},"end":{"line":64,"column":16}}},"fnMap":{"0":{"name":"(anonymous_0)","decl":{"start":{"line":4,"column":20},"end":{"line":4,"column":21}},"loc":{"start":{"line":4,"column":46},"end":{"line":66,"column":1}},"line":4},"1":{"name":"(anonymous_1)","decl":{"start":{"line":45,"column":22},"end":{"line":45,"column":23}},"loc":{"start":{"line":45,"column":31},"end":{"line":54,"column":5}},"line":45},"2":{"name":"(anonymous_2)","decl":{"start":{"line":46,"column":65},"end":{"line":46,"column":66}},"loc":{"start":{"line":46,"column":70},"end":{"line":46,"column":80}},"line":46}},"branchMap":{"0":{"loc":{"start":{"line":7,"column":18},"end":{"line":7,"column":47}},"type":"cond-expr","locations":[{"start":{"line":7,"column":22},"end":{"line":7,"column":40}},{"start":{"line":7,"column":43},"end":{"line":7,"column":47}}],"line":7},"1":{"loc":{"start":{"line":46,"column":29},"end":{"line":46,"column":86}},"type":"cond-expr","locations":[{"start":{"line":46,"column":46},"end":{"line":46,"column":81}},{"start":{"line":46,"column":84},"end":{"line":46,"column":86}}],"line":46},"2":{"loc":{"start":{"line":46,"column":70},"end":{"line":46,"column":80}},"type":"binary-expr","locations":[{"start":{"line":46,"column":70},"end":{"line":46,"column":75}},{"start":{"line":46,"column":79},"end":{"line":46,"column":80}}],"line":46}},"s":{"0":1,"1":1,"2":1,"3":0,"4":0,"5":0,"6":0,"7":0,"8":0,"9":0,"10":0,"11":0,"12":0,"13":0,"14":0},"f":{"0":0,"1":0,"2":0},"b":{"0":[0,0],"1":[0,0],"2":[0,0]},"_coverageSchema":"1a1c01bbd47fc00a2c39e90264f33305004495a9","hash":"6311f362f8d0334aafc29ec7f6dc80d770f9fcfc"}
,"C:\\Users\\ruben\\ProyectoDeGrado\\backend\\src\\controllers\\user.controller.js": {"path":"C:\\Users\\ruben\\ProyectoDeGrado\\backend\\src\\controllers\\user.controller.js","statementMap":{"0":{"start":{"line":1,"column":16},"end":{"line":1,"column":44}},"1":{"start":{"line":2,"column":20},"end":{"line":2,"column":52}},"2":{"start":{"line":4,"column":0},"end":{"line":76,"column":2}},"3":{"start":{"line":5,"column":2},"end":{"line":75,"column":3}},"4":{"start":{"line":6,"column":19},"end":{"line":6,"column":29}},"5":{"start":{"line":7,"column":26},"end":{"line":7,"column":37}},"6":{"start":{"line":9,"column":20},"end":{"line":11,"column":53}},"7":{"start":{"line":13,"column":4},"end":{"line":15,"column":5}},"8":{"start":{"line":14,"column":6},"end":{"line":14,"column":72}},"9":{"start":{"line":18,"column":26},"end":{"line":25,"column":13}},"10":{"start":{"line":28,"column":34},"end":{"line":35,"column":13}},"11":{"start":{"line":37,"column":33},"end":{"line":50,"column":5}},"12":{"start":{"line":38,"column":23},"end":{"line":38,"column":91}},"13":{"start":{"line":38,"column":47},"end":{"line":38,"column":90}},"14":{"start":{"line":39,"column":27},"end":{"line":39,"column":99}},"15":{"start":{"line":39,"column":55},"end":{"line":39,"column":98}},"16":{"start":{"line":40,"column":29},"end":{"line":40,"column":86}},"17":{"start":{"line":40,"column":70},"end":{"line":40,"column":80}},"18":{"start":{"line":41,"column":6},"end":{"line":49,"column":8}},"19":{"start":{"line":52,"column":24},"end":{"line":52,"column":99}},"20":{"start":{"line":52,"column":55},"end":{"line":52,"column":98}},"21":{"start":{"line":54,"column":4},"end":{"line":72,"column":7}},"22":{"start":{"line":74,"column":4},"end":{"line":74,"column":16}},"23":{"start":{"line":78,"column":0},"end":{"line":121,"column":2}},"24":{"start":{"line":79,"column":2},"end":{"line":120,"column":3}},"25":{"start":{"line":80,"column":19},"end":{"line":80,"column":29}},"26":{"start":{"line":81,"column":26},"end":{"line":81,"column":37}},"27":{"start":{"line":83,"column":4},"end":{"line":85,"column":5}},"28":{"start":{"line":84,"column":6},"end":{"line":84,"column":80}},"29":{"start":{"line":87,"column":23},"end":{"line":87,"column":49}},"30":{"start":{"line":88,"column":27},"end":{"line":88,"column":64}},"31":{"start":{"line":90,"column":4},"end":{"line":92,"column":5}},"32":{"start":{"line":91,"column":6},"end":{"line":91,"column":72}},"33":{"start":{"line":94,"column":26},"end":{"line":94,"column":70}},"34":{"start":{"line":95,"column":27},"end":{"line":95,"column":63}},"35":{"start":{"line":97,"column":22},"end":{"line":97,"column":27}},"36":{"start":{"line":100,"column":4},"end":{"line":109,"column":5}},"37":{"start":{"line":101,"column":6},"end":{"line":101,"column":53}},"38":{"start":{"line":102,"column":6},"end":{"line":102,"column":57}},"39":{"start":{"line":103,"column":6},"end":{"line":103,"column":26}},"40":{"start":{"line":106,"column":6},"end":{"line":106,"column":48}},"41":{"start":{"line":107,"column":6},"end":{"line":107,"column":40}},"42":{"start":{"line":108,"column":6},"end":{"line":108,"column":25}},"43":{"start":{"line":111,"column":4},"end":{"line":111,"column":66}},"44":{"start":{"line":113,"column":4},"end":{"line":117,"column":7}},"45":{"start":{"line":119,"column":4},"end":{"line":119,"column":16}},"46":{"start":{"line":123,"column":0},"end":{"line":160,"column":2}},"47":{"start":{"line":124,"column":2},"end":{"line":159,"column":3}},"48":{"start":{"line":125,"column":19},"end":{"line":125,"column":30}},"49":{"start":{"line":126,"column":38},"end":{"line":126,"column":46}},"50":{"start":{"line":128,"column":20},"end":{"line":128,"column":22}},"51":{"start":{"line":129,"column":4},"end":{"line":129,"column":40}},"52":{"start":{"line":129,"column":16},"end":{"line":129,"column":40}},"53":{"start":{"line":130,"column":4},"end":{"line":130,"column":31}},"54":{"start":{"line":130,"column":13},"end":{"line":130,"column":31}},"55":{"start":{"line":131,"column":4},"end":{"line":131,"column":111}},"56":{"start":{"line":131,"column":32},"end":{"line":131,"column":111}},"57":{"start":{"line":134,"column":4},"end":{"line":138,"column":5}},"58":{"start":{"line":135,"column":24},"end":{"line":135,"column":36}},"59":{"start":{"line":136,"column":19},"end":{"line":136,"column":34}},"60":{"s
[...]
":{"line":117,"column":20},"end":{"line":117,"column":58}},"63":{"start":{"line":118,"column":20},"end":{"line":118,"column":47}},"64":{"start":{"line":119,"column":18},"end":{"line":119,"column":66}},"65":{"start":{"line":121,"column":6},"end":{"line":124,"column":7}},"66":{"start":{"line":122,"column":8},"end":{"line":122,"column":68}},"67":{"start":{"line":123,"column":8},"end":{"line":123,"column":25}},"68":{"start":{"line":126,"column":24},"end":{"line":126,"column":41}},"69":{"start":{"line":127,"column":6},"end":{"line":127,"column":22}},"70":{"start":{"line":128,"column":6},"end":{"line":133,"column":9}},"71":{"start":{"line":135,"column":29},"end":{"line":135,"column":98}},"72":{"start":{"line":136,"column":6},"end":{"line":139,"column":9}},"73":{"start":{"line":137,"column":8},"end":{"line":137,"column":81}},"74":{"start":{"line":138,"column":8},"end":{"line":138,"column":30}},"75":{"start":{"line":140,"column":6},"end":{"line":140,"column":38}},"76":{"start":{"line":143,"column":4},"end":{"line":147,"column":7}},"77":{"start":{"line":149,"column":19},"end":{"line":149,"column":72}},"78":{"start":{"line":150,"column":4},"end":{"line":153,"column":7}},"79":{"start":{"line":151,"column":6},"end":{"line":151,"column":71}},"80":{"start":{"line":152,"column":6},"end":{"line":152,"column":78}},"81":{"start":{"line":154,"column":4},"end":{"line":154,"column":21}},"82":{"start":{"line":156,"column":4},"end":{"line":156,"column":51}}},"fnMap":{"0":{"name":"(anonymous_0)","decl":{"start":{"line":6,"column":18},"end":{"line":6,"column":19}},"loc":{"start":{"line":6,"column":24},"end":{"line":9,"column":1}},"line":6},"1":{"name":"(anonymous_1)","decl":{"start":{"line":12,"column":32},"end":{"line":12,"column":33}},"loc":{"start":{"line":12,"column":52},"end":{"line":81,"column":1}},"line":12},"2":{"name":"(anonymous_2)","decl":{"start":{"line":58,"column":33},"end":{"line":58,"column":34}},"loc":{"start":{"line":58,"column":42},"end":{"line":61,"column":7}},"line":58},"3":{"name":"(anonymous_3)","decl":{"start":{"line":73,"column":23},"end":{"line":73,"column":24}},"loc":{"start":{"line":73,"column":32},"end":{"line":76,"column":5}},"line":73},"4":{"name":"(anonymous_4)","decl":{"start":{"line":87,"column":25},"end":{"line":87,"column":26}},"loc":{"start":{"line":87,"column":45},"end":{"line":158,"column":1}},"line":87},"5":{"name":"(anonymous_5)","decl":{"start":{"line":136,"column":33},"end":{"line":136,"column":34}},"loc":{"start":{"line":136,"column":42},"end":{"line":139,"column":7}},"line":136},"6":{"name":"(anonymous_6)","decl":{"start":{"line":150,"column":23},"end":{"line":150,"column":24}},"loc":{"start":{"line":150,"column":32},"end":{"line":153,"column":5}},"line":150}},"branchMap":{"0":{"loc":{"start":{"line":16,"column":4},"end":{"line":18,"column":5}},"type":"if","locations":[{"start":{"line":16,"column":4},"end":{"line":18,"column":5}},{"start":{},"end":{}}],"line":16},"1":{"loc":{"start":{"line":21,"column":4},"end":{"line":23,"column":5}},"type":"if","locations":[{"start":{"line":21,"column":4},"end":{"line":23,"column":5}},{"start":{},"end":{}}],"line":21},"2":{"loc":{"start":{"line":29,"column":4},"end":{"line":31,"column":5}},"type":"if","locations":[{"start":{"line":29,"column":4},"end":{"line":31,"column":5}},{"start":{},"end":{}}],"line":29},"3":{"loc":{"start":{"line":34,"column":24},"end":{"line":34,"column":128}},"type":"cond-expr","locations":[{"start":{"line":34,"column":74},"end":{"line":34,"column":99}},{"start":{"line":34,"column":102},"end":{"line":34,"column":128}}],"line":34},"4":{"loc":{"start":{"line":34,"column":25},"end":{"line":34,"column":70}},"type":"binary-expr","locations":[{"start":{"line":34,"column":25},"end":{"line":34,"column":41}},{"start":{"line":34,"column":45},"end":{"line":34,"column":70}}],"line":34},"5":{"loc":{"start":{"line":38,"column":4},"end":{"line":63,"column":5}},"type":"if","locations":[{"start":{"line":38,"column":4},"end":{"line":63,"column":5}},{"start":{},"end":{}}],"line":38},"6":{"loc":{"start":{"line":40,"column":20},"end":{"line":40,"column":47}},"type":"binary-expr","locations":[{"start":{"line":40,"column":20},"end":{"line":40,"column":42}},{"start":{"line":40,"column":46},"end":{"line":40,"column":47}}],"line":40},"7":{"loc":{"start":{"line":41,"column":18},"end":{"line":41,"column":66}},"type":"cond-expr","locations":[{"start":{"line":41,"column":29},"end":{"line":41,"column":51}},{"start":{"line":41,"column":54},"end":{"line":41,"column":66}}],"line":41},"8":{"loc":{"start":{"line":43,"column":6},"end":{"line":46,"column":7}},"type":"if","locations":[{"start":{"line":43,"column":6},"end":{"line":46,"column":7}},{"start":{},"end":{}}],"line":43},"9":{"loc":{"start":{"line":43,"column":10},"end":{"line":43,"column":46}},"type":"binary-expr","locations":[{"start":{"line":43,"column":10},"end":{"line":43,"column":27}},{"start":{"line":43,"column":31},"end":{"line":43,"column":46}}],"line":43},"10":{"loc":{"start":{"line":90,"column":4},"end":{"line":90,"column":89}},"type":"if","locations":[{"start":{"line":90,"column":4},"end":{"line":90,"column":89}},{"start":{},"end":{}}],"line":90},"11":{"loc":{"start":{"line":93,"column":4},"end":{"line":93,"column":86}},"type":"if","locations":[{"start":{"line":93,"column":4},"end":{"line":93,"column":86}},{"start":{},"end":{}}],"line":93},"12":{"loc":{"start":{"line":108,"column":4},"end":{"line":108,"column":107}},"type":"if","locations":[{"start":{"line":108,"column":4},"end":{"line":108,"column":107}},{"start":{},"end":{}}],"line":108},"13":{"loc":{"start":{"line":113,"column":24},"end":{"line":113,"column":128}},"type":"cond-expr","locations":[{"start":{"line":113,"column":74},"end":{"line":113,"column":99}},{"start":{"line":113,"column":102},"end":{"line":113,"column":128}}],"line":113},"14":{"loc":{"start":{"line":113,"column":25},"end":{"line":113,"column":70}},"type":"binary-expr","locations":[{"start":{"line":113,"column":25},"end":{"line":113,"column":41}},{"start":{"line":113,"column":45},"end":{"line":113,"column":70}}],"line":113},"15":{"loc":{"start":{"line":116,"column":4},"end":{"line":141,"column":5}},"type":"if","locations":[{"start":{"line":116,"column":4},"end":{"line":141,"column":5}},{"start":{},"end":{}}],"line":116},"16":{"loc":{"start":{"line":118,"column":20},"end":{"line":118,"column":47}},"type":"binary-expr","locations":[{"start":{"line":118,"column":20},"end":{"line":118,"column":42}},{"start":{"line":118,"column":46},"end":{"line":118,"column":47}}],"line":118},"17":{"loc":{"start":{"line":119,"column":18},"end":{"line":119,"column":66}},"type":"cond-expr","locations":[{"start":{"line":119,"column":29},"end":{"line":119,"column":51}},{"start":{"line":119,"column":54},"end":{"line":119,"column":66}}],"line":119},"18":{"loc":{"start":{"line":121,"column":6},"end":{"line":124,"column":7}},"type":"if","locations":[{"start":{"line":121,"column":6},"end":{"line":124,"column":7}},{"start":{},"end":{}}],"line":121},"19":{"loc":{"start":{"line":121,"column":10},"end":{"line":121,"column":46}},"type":"binary-expr","locations":[{"start":{"line":121,"column":10},"end":{"line":121,"column":27}},{"start":{"line":121,"column":31},"end":{"line":121,"column":46}}],"line":121}},"s":{"0":1,"1":1,"2":1,"3":1,"4":0,"5":0,"6":1,"7":0,"8":0,"9":0,"10":0,"11":0,"12":0,"13":0,"14":0,"15":0,"16":0,"17":0,"18":0,"19":0,"20":0,"21":0,"22":0,"23":0,"24":0,"25":0,"26":0,"27":0,"28":0,"29":0,"30":0,"31":0,"32":0,"33":0,"34":0,"35":0,"36":0,"37":0,"38":0,"39":0,"40":0,"41":0,"42":0,"43":1,"44":1,"45":0,"46":0,"47":0,"48":0,"49":0,"50":0,"51":0,"52":0,"53":0,"54":0,"55":0,"56":0,"57":0,"58":0,"59":0,"60":0,"61":0,"62":0,"63":0,"64":0,"65":0,"66":0,"67":0,"68":0,"69":0,"70":0,"71":0,"72":0,"73":0,"74":0,"75":0,"76":0,"77":0,"78":0,"79":0,"80":0,"81":0,"82":0},"f":{"0":0,"1":0,"2":0,"3":0,"4":0,"5":0,"6":0},"b":{"0":[0,0],"1":[0,0],"2":[0,0],"3":[0,0],"4":[0,0],"5":[0,0],"6":[0,0],"7":[0,0],"8":[0,0],"9":[0,0],"10":[0,0],"11":[0,0],"12":[0,0],"13":[0,0],"14":[0,0],"15":[0,0],"16":[0,0],"17":[0,0],"18":[0,0],"19":[0,0]},"_coverageSchema":"1a1c01bbd47fc00a2c39e90264f33305004495a9","hash":"be3bc88b39628df0b329ed21a2c1bad2fc6db101"}
,"C:\\Users\\ruben\\ProyectoDeGrado\\backend\\src\\routes\\index.js": {"path":"C:\\Users\\ruben\\ProyectoDeGrado\\backend\\src\\routes\\index.js","statementMap":{"0":{"start":{"line":1,"column":19},"end":{"line":1,"column":37}},"1":{"start":{"line":3,"column":19},"end":{"line":3,"column":43}},"2":{"start":{"line":4,"column":19},"end":{"line":4,"column":43}},"3":{"start":{"line":5,"column":19},"end":{"line":5,"column":43}},"4":{"start":{"line":6,"column":21},"end":{"line":6,"column":47}},"5":{"start":{"line":7,"column":21},"end":{"line":7,"column":47}},"6":{"start":{"line":8,"column":20},"end":{"line":8,"column":45}},"7":{"start":{"line":9,"column":25},"end":{"line":9,"column":54}},"8":{"start":{"line":11,"column":15},"end":{"line":11,"column":23}},"9":{"start":{"line":13,"column":0},"end":{"line":15,"column":3}},"10":{"start":{"line":14,"column":2},"end":{"line":14,"column":41}},"11":{"start":{"line":17,"column":0},"end":{"line":19,"column":3}},"12":{"start":{"line":18,"column":2},"end":{"line":18,"column":61}},"13":{"start":{"line":21,"column":0},"end":{"line":21,"column":32}},"14":{"start":{"line":22,"column":0},"end":{"line":22,"column":33}},"15":{"start":{"line":23,"column":0},"end":{"line":23,"column":33}},"16":{"start":{"line":24,"column":0},"end":{"line":24,"column":36}},"17":{"start":{"line":25,"column":0},"end":{"line":25,"column":36}},"18":{"start":{"line":26,"column":0},"end":{"line":26,"column":34}},"19":{"start":{"line":28,"column":0},"end":{"line":28,"column":24}}},"fnMap":{"0":{"name":"(anonymous_0)","decl":{"start":{"line":13,"column":16},"end":{"line":13,"column":17}},"loc":{"start":{"line":13,"column":30},"end":{"line":15,"column":1}},"line":13},"1":{"name":"(anonymous_1)","decl":{"start":{"line":17,"column":39},"end":{"line":17,"column":40}},"loc":{"start":{"line":17,"column":53},"end":{"line":19,"column":1}},"line":17}},"branchMap":{},"s":{"0":1,"1":1,"2":1,"3":1,"4":1,"5":1,"6":1,"7":1,"8":1,"9":1,"10":0,"11":1,"12":0,"13":1,"14":1,"15":1,"16":1,"17":1,"18":1,"19":1},"f":{"0":0,"1":0},"b":{},"_coverageSchema":"1a1c01bbd47fc00a2c39e90264f33305004495a9","hash":"febf52c0424e88cd2557376af1f6431a961e1793"}
,"C:\\Users\\ruben\\ProyectoDeGrado\\backend\\src\\routes\\post.routes.js": {"path":"C:\\Users\\ruben\\ProyectoDeGrado\\backend\\src\\routes\\post.routes.js","statementMap":{"0":{"start":{"line":1,"column":19},"end":{"line":1,"column":37}},"1":{"start":{"line":2,"column":17},"end":{"line":2,"column":45}},"2":{"start":{"line":3,"column":23},"end":{"line":3,"column":64}},"3":{"start":{"line":4,"column":25},"end":{"line":4,"column":54}},"4":{"start":{"line":5,"column":28},"end":{"line":5,"column":68}},"5":{"start":{"line":7,"column":15},"end":{"line":7,"column":23}},"6":{"start":{"line":10,"column":0},"end":{"line":10,"column":25}},"7":{"start":{"line":15,"column":0},"end":{"line":15,"column":48}},"8":{"start":{"line":17,"column":41},"end":{"line":17,"column":72}},"9":{"start":{"line":19,"column":28},"end":{"line":24,"column":1}},"10":{"start":{"line":20,"column":2},"end":{"line":22,"column":3}},"11":{"start":{"line":21,"column":4},"end":{"line":21,"column":40}},"12":{"start":{"line":23,"column":2},"end":{"line":23,"column":9}},"13":{"start":{"line":26,"column":0},"end":{"line":62,"column":2}},"14":{"start":{"line":54,"column":8},"end":{"line":56,"column":9}},"15":{"start":{"line":55,"column":10},"end":{"line":55,"column":58}},"16":{"start":{"line":57,"column":8},"end":{"line":57,"column":20}},"17":{"start":{"line":64,"column":0},"end":{"line":64,"column":61}},"18":{"start":{"line":69,"column":0},"end":{"line":69,"column":52}},"19":{"start":{"line":70,"column":0},"end":{"line":70,"column":60}},"20":{"start":{"line":72,"column":0},"end":{"line":77,"column":2}},"21":{"start":{"line":82,"column":0},"end":{"line":82,"column":65}},"22":{"start":{"line":83,"column":0},"end":{"line":93,"column":2}},"23":{"start":{"line":94,"column":0},"end":{"line":94,"column":58}},"24":{"start":{"line":96,"column":0},"end":{"line":104,"column":2}},"25":{"start":{"line":109,"column":0},"end":{"line":109,"column":63}},"26":{"start":{"line":110,"column":0},"end":{"line":110,"column":69}},"27":{"start":{"line":112,"column":0},"end":{"line":112,"column":24}}},"fnMap":{"0":{"name":"(anonymous_0)","decl":{"start":{"line":19,"column":28},"end":{"line":19,"column":29}},"loc":{"start":{"line":19,"column":48},"end":{"line":24,"column":1}},"line":19},"1":{"name":"(anonymous_1)","decl":{"start":{"line":53,"column":14},"end":{"line":53,"column":15}},"loc":{"start":{"line":53,"column":25},"end":{"line":58,"column":7}},"line":53}},"branchMap":{"0":{"loc":{"start":{"line":20,"column":2},"end":{"line":22,"column":3}},"type":"if","locations":[{"start":{"line":20,"column":2},"end":{"line":22,"column":3}},{"start":{},"end":{}}],"line":20},"1":{"loc":{"start":{"line":20,"column":6},"end":{"line":20,"column":70}},"type":"binary-expr","locations":[{"start":{"line":20,"column":7},"end":{"line":20,"column":16}},{"start":{"line":20,"column":20},"end":{"line":20,"column":39}},{"start":{"line":20,"column":44},"end":{"line":20,"column":52}},{"start":{"line":20,"column":56},"end":{"line":20,"column":70}}],"line":20},"2":{"loc":{"start":{"line":54,"column":8},"end":{"line":56,"column":9}},"type":"if","locations":[{"start":{"line":54,"column":8},"end":{"line":56,"column":9}},{"start":{},"end":{}}],"line":54},"3":{"loc":{"start":{"line":54,"column":12},"end":{"line":54,"column":52}},"type":"binary-expr","locations":[{"start":{"line":54,"column":12},"end":{"line":54,"column":32}},{"start":{"line":54,"column":36},"end":{"line":54,"column":52}}],"line":54}},"s":{"0":1,"1":1,"2":1,"3":1,"4":1,"5":1,"6":1,"7":1,"8":1,"9":1,"10":0,"11":0,"12":0,"13":1,"14":0,"15":0,"16":0,"17":1,"18":1,"19":1,"20":1,"21":1,"22":1,"23":1,"24":1,"25":1,"26":1,"27":1},"f":{"0":0,"1":0},"b":{"0":[0,0],"1":[0,0,0,0],"2":[0,0],"3":[0,0]},"_coverageSchema":"1a1c01bbd47fc00a2c39e90264f33305004495a9","hash":"bfb24ea039f2db62ed6579d325fe138ae5145336"}
,"C:\\Users\\ruben\\ProyectoDeGrado\\backend\\src\\routes\\search.routes.js": {"path":"C:\\Users\\ruben\\ProyectoDeGrado\\backend\\src\\routes\\search.routes.js","statementMap":{"0":{"start":{"line":1,"column":19},"end":{"line":1,"column":37}},"1":{"start":{"line":2,"column":25},"end":{"line":2,"column":68}},"2":{"start":{"line":3,"column":25},"end":{"line":3,"column":54}},"3":{"start":{"line":5,"column":15},"end":{"line":5,"column":23}},"4":{"start":{"line":8,"column":0},"end":{"line":8,"column":58}},"5":{"start":{"line":10,"column":0},"end":{"line":10,"column":24}}},"fnMap":{},"branchMap":{},"s":{"0":1,"1":1,"2":1,"3":1,"4":1,"5":1},"f":{},"b":{},"_coverageSchema":"1a1c01bbd47fc00a2c39e90264f33305004495a9","hash":"d946a14e85cc2eac1bedd62c29574d17447a8055"}
,"C:\\Users\\ruben\\ProyectoDeGrado\\backend\\src\\routes\\user.routes.js": {"path":"C:\\Users\\ruben\\ProyectoDeGrado\\backend\\src\\routes\\user.routes.js","statementMap":{"0":{"start":{"line":1,"column":19},"end":{"line":1,"column":37}},"1":{"start":{"line":2,"column":79},"end":{"line":2,"column":120}},"2":{"start":{"line":3,"column":25},"end":{"line":3,"column":54}},"3":{"start":{"line":4,"column":19},"end":{"line":4,"column":50}},"4":{"start":{"line":6,"column":15},"end":{"line":6,"column":23}},"5":{"start":{"line":8,"column":0},"end":{"line":8,"column":25}},"6":{"start":{"line":11,"column":0},"end":{"line":11,"column":79}},"7":{"start":{"line":13,"column":0},"end":{"line":13,"column":48}},"8":{"start":{"line":14,"column":0},"end":{"line":14,"column":48}},"9":{"start":{"line":16,"column":0},"end":{"line":16,"column":24}}},"fnMap":{},"branchMap":{},"s":{"0":1,"1":1,"2":1,"3":1,"4":1,"5":1,"6":1,"7":1,"8":1,"9":1},"f":{},"b":{},"_coverageSchema":"1a1c01bbd47fc00a2c39e90264f33305004495a9","hash":"9a9967eca2e510efd60d2f1302c77a50077c92cf"}
,"C:\\Users\\ruben\\ProyectoDeGrado\\backend\\src\\routes\\wallet.routes.js": {"path":"C:\\Users\\ruben\\ProyectoDeGrado\\backend\\src\\routes\\wallet.routes.js","statementMap":{"0":{"start":{"line":1,"column":19},"end":{"line":1,"column":37}},"1":{"start":{"line":2,"column":42},"end":{"line":2,"column":85}},"2":{"start":{"line":3,"column":25},"end":{"line":3,"column":54}},"3":{"start":{"line":5,"column":15},"end":{"line":5,"column":23}},"4":{"start":{"line":7,"column":0},"end":{"line":7,"column":25}},"5":{"start":{"line":9,"column":0},"end":{"line":9,"column":34}},"6":{"start":{"line":10,"column":0},"end":{"line":10,"column":39}},"7":{"start":{"line":12,"column":0},"end":{"line":12,"column":24}}},"fnMap":{},"branchMap":{},"s":{"0":1,"1":1,"2":1,"3":1,"4":1,"5":1,"6":1,"7":1},"f":{},"b":{},"_coverageSchema":"1a1c01bbd47fc00a2c39e90264f33305004495a9","hash":"9254d7c0ae037a367a01b240671dcb38ea08b9aa"}
,"C:\\Users\\ruben\\ProyectoDeGrado\\backend\\src\\services\\whatsapp.service.js": {"path":"C:\\Users\\ruben\\ProyectoDeGrado\\backend\\src\\services\\whatsapp.service.js","statementMap":{"0":{"start":{"line":1,"column":25},"end":{"line":33,"column":1}},"1":{"start":{"line":2,"column":22},"end":{"line":2,"column":55}},"2":{"start":{"line":3,"column":24},"end":{"line":3,"column":60}},"3":{"start":{"line":4,"column":23},"end":{"line":4,"column":80}},"4":{"start":{"line":5,"column":23},"end":{"line":5,"column":69}},"5":{"start":{"line":7,"column":2},"end":{"line":10,"column":3}},"6":{"start":{"line":8,"column":4},"end":{"line":8,"column":90}},"7":{"start":{"line":8,"column":83},"end":{"line":8,"column":90}},"8":{"start":{"line":9,"column":4},"end":{"line":9,"column":89}},"9":{"start":{"line":12,"column":19},"end":{"line":28,"column":4}},"10":{"start":{"line":30,"column":2},"end":{"line":32,"column":3}},"11":{"start":{"line":31,"column":4},"end":{"line":31,"column":69}},"12":{"start":{"line":35,"column":0},"end":{"line":35,"column":38}}},"fnMap":{"0":{"name":"(anonymous_0)","decl":{"start":{"line":1,"column":25},"end":{"line":1,"column":26}},"loc":{"start":{"line":1,"column":51},"end":{"line":33,"column":1}},"line":1}},"branchMap":{"0":{"loc":{"start":{"line":4,"column":23},"end":{"line":4,"column":80}},"type":"binary-expr","locations":[{"start":{"line":4,"column":23},"end":{"line":4,"column":57}},{"start":{"line":4,"column":61},"end":{"line":4,"column":80}}],"line":4},"1":{"loc":{"start":{"line":5,"column":23},"end":{"line":5,"column":69}},"type":"binary-expr","locations":[{"start":{"line":5,"column":23},"end":{"line":5,"column":61}},{"start":{"line":5,"column":65},"end":{"line":5,"column":69}}],"line":5},"2":{"loc":{"start":{"line":7,"column":2},"end":{"line":10,"column":3}},"type":"if","locations":[{"start":{"line":7,"column":2},"end":{"line":10,"column":3}},{"start":{},"end":{}}],"line":7},"3":{"loc":{"start":{"line":7,"column":6},"end":{"line":7,"column":36}},"type":"binary-expr","locations":[{"start":{"line":7,"column":6},"end":{"line":7,"column":18}},{"start":{"line":7,"column":22},"end":{"line":7,"column":36}}],"line":7},"4":{"loc":{"start":{"line":8,"column":4},"end":{"line":8,"column":90}},"type":"if","locations":[{"start":{"line":8,"column":4},"end":{"line":8,"column":90}},{"start":{},"end":{}}],"line":8},"5":{"loc":{"start":{"line":8,"column":8},"end":{"line":8,"column":81}},"type":"binary-expr","locations":[{"start":{"line":8,"column":8},"end":{"line":8,"column":39}},{"start":{"line":8,"column":43},"end":{"line":8,"column":81}}],"line":8},"6":{"loc":{"start":{"line":30,"column":2},"end":{"line":32,"column":3}},"type":"if","locations":[{"start":{"line":30,"column":2},"end":{"line":32,"column":3}},{"start":{},"end":{}}],"line":30}},"s":{"0":1,"1":0,"2":0,"3":0,"4":0,"5":0,"6":0,"7":0,"8":0,"9":0,"10":0,"11":0,"12":1},"f":{"0":0},"b":{"0":[0,0],"1":[0,0],"2":[0,0],"3":[0,0],"4":[0,0],"5":[0,0],"6":[0,0]},"_coverageSchema":"1a1c01bbd47fc00a2c39e90264f33305004495a9","hash":"d3dc54a13b0cde136068888f8fad36837eedc171"}
}
