{"C:\\Users\\ruben\\OneDrive\\Desktop\\Proyecto de ruben\\ProyectoGrado\\backend\\src\\app.js": {"path":"C:\\Users\\ruben\\OneDrive\\Desktop\\Proyecto de ruben\\ProyectoGrado\\backend\\src\\app.js","statementMap":{"0":{"start":{"line":1,"column":16},"end":{"line":1,"column":34}},"1":{"start":{"line":2,"column":13},"end":{"line":2,"column":28}},"2":{"start":{"line":3,"column":15},"end":{"line":3,"column":32}},"3":{"start":{"line":4,"column":15},"end":{"line":4,"column":32}},"4":{"start":{"line":5,"column":18},"end":{"line":5,"column":47}},"5":{"start":{"line":6,"column":22},"end":{"line":6,"column":55}},"6":{"start":{"line":7,"column":12},"end":{"line":7,"column":32}},"7":{"start":{"line":9,"column":15},"end":{"line":9,"column":34}},"8":{"start":{"line":10,"column":42},"end":{"line":10,"column":78}},"9":{"start":{"line":12,"column":12},"end":{"line":12,"column":21}},"10":{"start":{"line":15,"column":0},"end":{"line":33,"column":2}},"11":{"start":{"line":36,"column":21},"end":{"line":36,"column":73}},"12":{"start":{"line":37,"column":0},"end":{"line":43,"column":2}},"13":{"start":{"line":45,"column":0},"end":{"line":45,"column":41}},"14":{"start":{"line":46,"column":0},"end":{"line":46,"column":48}},"15":{"start":{"line":47,"column":0},"end":{"line":47,"column":25}},"16":{"start":{"line":48,"column":0},"end":{"line":48,"column":15}},"17":{"start":{"line":51,"column":0},"end":{"line":51,"column":26}},"18":{"start":{"line":53,"column":0},"end":{"line":55,"column":1}},"19":{"start":{"line":54,"column":2},"end":{"line":54,"column":25}},"20":{"start":{"line":57,"column":16},"end":{"line":62,"column":2}},"21":{"start":{"line":64,"column":0},"end":{"line":64,"column":17}},"22":{"start":{"line":66,"column":0},"end":{"line":66,"column":24}},"23":{"start":{"line":69,"column":0},"end":{"line":74,"column":3}},"24":{"start":{"line":70,"column":19},"end":{"line":70,"column":38}},"25":{"start":{"line":71,"column":16},"end":{"line":71,"column":69}},"26":{"start":{"line":73,"column":2},"end":{"line":73,"column":53}},"27":{"start":{"line":76,"column":0},"end":{"line":76,"column":25}},"28":{"start":{"line":77,"column":0},"end":{"line":77,"column":22}},"29":{"start":{"line":79,"column":0},"end":{"line":79,"column":21}}},"fnMap":{"0":{"name":"(anonymous_0)","decl":{"start":{"line":69,"column":19},"end":{"line":69,"column":20}},"loc":{"start":{"line":69,"column":33},"end":{"line":74,"column":1}},"line":69}},"branchMap":{"0":{"loc":{"start":{"line":36,"column":21},"end":{"line":36,"column":73}},"type":"binary-expr","locations":[{"start":{"line":36,"column":21},"end":{"line":36,"column":46}},{"start":{"line":36,"column":50},"end":{"line":36,"column":73}}],"line":36},"1":{"loc":{"start":{"line":53,"column":0},"end":{"line":55,"column":1}},"type":"if","locations":[{"start":{"line":53,"column":0},"end":{"line":55,"column":1}},{"start":{},"end":{}}],"line":53},"2":{"loc":{"start":{"line":71,"column":16},"end":{"line":71,"column":69}},"type":"binary-expr","locations":[{"start":{"line":71,"column":16},"end":{"line":71,"column":35}},{"start":{"line":71,"column":39},"end":{"line":71,"column":69}}],"line":71}},"s":{"0":3,"1":3,"2":3,"3":3,"4":3,"5":3,"6":3,"7":3,"8":3,"9":3,"10":3,"11":3,"12":3,"13":3,"14":3,"15":3,"16":3,"17":3,"18":3,"19":3,"20":3,"21":3,"22":3,"23":3,"24":0,"25":0,"26":0,"27":3,"28":3,"29":3},"f":{"0":0},"b":{"0":[3,3],"1":[3,0],"2":[0,0]},"_coverageSchema":"1a1c01bbd47fc00a2c39e90264f33305004495a9","hash":"4d7afca58a6f8e90fdc6bed0a3eb1fde1a5fe38a"}
,"C:\\Users\\ruben\\OneDrive\\Desktop\\Proyecto de ruben\\ProyectoGrado\\backend\\src\\config\\database.js": {"path":"C:\\Users\\ruben\\OneDrive\\Desktop\\Proyecto de ruben\\ProyectoGrado\\backend\\src\\config\\database.js","statementMap":{"0":{"start":{"line":1,"column":17},"end":{"line":1,"column":36}},"1":{"start":{"line":9,"column":24},"end":{"line":9,"column":45}},"2":{"start":{"line":11,"column":24},"end":{"line":36,"column":1}},"3":{"start":{"line":12,"column":21},"end":{"line":12,"column":23}},"4":{"start":{"line":13,"column":2},"end":{"line":15,"column":3}},"5":{"start":{"line":14,"column":4},"end":{"line":14,"column":45}},"6":{"start":{"line":18,"column":19},"end":{"line":18,"column":68}},"7":{"start":{"line":19,"column":2},"end":{"line":29,"column":3}},"8":{"start":{"line":20,"column":18},"end":{"line":20,"column":72}},"9":{"start":{"line":20,"column":47},"end":{"line":20,"column":55}},"10":{"start":{"line":21,"column":4},"end":{"line":28,"column":5}},"11":{"start":{"line":23,"column":6},"end":{"line":27,"column":7}},"12":{"start":{"line":24,"column":8},"end":{"line":24,"column":27}},"13":{"start":{"line":26,"column":8},"end":{"line":26,"column":67}},"14":{"start":{"line":32,"column":2},"end":{"line":32,"column":66}},"15":{"start":{"line":33,"column":2},"end":{"line":33,"column":66}},"16":{"start":{"line":35,"column":2},"end":{"line":35,"column":41}},"17":{"start":{"line":38,"column":19},"end":{"line":41,"column":1}},"18":{"start":{"line":39,"column":21},"end":{"line":39,"column":54}},"19":{"start":{"line":40,"column":2},"end":{"line":40,"column":20}},"20":{"start":{"line":43,"column":18},"end":{"line":86,"column":1}},"21":{"start":{"line":44,"column":21},"end":{"line":44,"column":38}},"22":{"start":{"line":45,"column":15},"end":{"line":45,"column":97}},"23":{"start":{"line":47,"column":2},"end":{"line":82,"column":3}},"24":{"start":{"line":47,"column":15},"end":{"line":47,"column":16}},"25":{"start":{"line":48,"column":16},"end":{"line":48,"column":29}},"26":{"start":{"line":49,"column":18},"end":{"line":49,"column":19}},"27":{"start":{"line":50,"column":24},"end":{"line":50,"column":25}},"28":{"start":{"line":51,"column":4},"end":{"line":81,"column":5}},"29":{"start":{"line":52,"column":6},"end":{"line":80,"column":7}},"30":{"start":{"line":53,"column":8},"end":{"line":53,"column":142}},"31":{"start":{"line":54,"column":27},"end":{"line":54,"column":54}},"32":{"start":{"line":55,"column":23},"end":{"line":55,"column":79}},"33":{"start":{"line":57,"column":8},"end":{"line":66,"column":9}},"34":{"start":{"line":58,"column":10},"end":{"line":58,"column":70}},"35":{"start":{"line":59,"column":10},"end":{"line":59,"column":95}},"36":{"start":{"line":61,"column":10},"end":{"line":65,"column":11}},"37":{"start":{"line":63,"column":17},"end":{"line":65,"column":11}},"38":{"start":{"line":64,"column":12},"end":{"line":64,"column":90}},"39":{"start":{"line":68,"column":8},"end":{"line":68,"column":101}},"40":{"start":{"line":69,"column":8},"end":{"line":71,"column":11}},"41":{"start":{"line":70,"column":10},"end":{"line":70,"column":61}},"42":{"start":{"line":72,"column":8},"end":{"line":72,"column":15}},"43":{"start":{"line":74,"column":8},"end":{"line":74,"column":94}},"44":{"start":{"line":75,"column":8},"end":{"line":75,"column":21}},"45":{"start":{"line":77,"column":21},"end":{"line":77,"column":24}},"46":{"start":{"line":78,"column":22},"end":{"line":78,"column":99}},"47":{"start":{"line":79,"column":8},"end":{"line":79,"column":57}},"48":{"start":{"line":79,"column":33},"end":{"line":79,"column":55}},"49":{"start":{"line":84,"column":2},"end":{"line":84,"column":134}},"50":{"start":{"line":85,"column":2},"end":{"line":85,"column":18}},"51":{"start":{"line":88,"column":0},"end":{"line":88,"column":31}}},"fnMap":{"0":{"name":"(anonymous_0)","decl":{"start":{"line":11,"column":24},"end":{"line":11,"column":25}},"loc":{"start":{"line":11,"column":30},"end":{"line":36,"column":1}},"line":11},"1":{"name":"(anonymous_1)","decl":{"start":{"line":20,"column":42},"end":{"line":20,"column":43}},"loc":{"start":{"line":20,"column":47},"end":{"line":20,"column":55}},"line":20},"2":{"name":"(anonymous_2)","decl":{"start":{"line":38,"column":19},"end":{"line":38,"column":20}},"loc":{"start":{"line":38,"column":40},"end":{"line":41,"column":1}},"line":38},"3":{"name":"(anonymous_3)","decl":{"start":{"line":43,"column":18},"end":{"line":43,"column":19}},"loc":{"start":{"line":43,"column":30},"end":{"line":86,"column":1}},"line":43},"4":{"name":"(anonymous_4)","decl":{"start":{"line":69,"column":40},"end":{"line":69,"column":41}},"loc":{"start":{"line":69,"column":49},"end":{"line":71,"column":9}},"line":69},"5":{"name":"(anonymous_5)","decl":{"start":{"line":79,"column":26},"end":{"line":79,"column":27}},"loc":{"start":{"line":79,"column":33},"end":{"line":79,"column":55}},"line":79}},"branchMap":{"0":{"loc":{"start":{"line":13,"column":2},"end":{"line":15,"column":3}},"type":"if","locations":[{"start":{"line":13,"column":2},"end":{"line":15,"column":3}},{"start":{},"end":{}}],"line":13},"1":{"loc":{"start":{"line":18,"column":19},"end":{"line":18,"column":68}},"type":"binary-expr","locations":[{"start":{"line":18,"column":19},"end":{"line":18,"column":42}},{"start":{"line":18,"column":46},"end":{"line":18,"column":68}}],"line":18},"2":{"loc":{"start":{"line":19,"column":2},"end":{"line":29,"column":3}},"type":"if","locations":[{"start":{"line":19,"column":2},"end":{"line":29,"column":3}},{"start":{},"end":{}}],"line":19},"3":{"loc":{"start":{"line":23,"column":6},"end":{"line":27,"column":7}},"type":"if","locations":[{"start":{"line":23,"column":6},"end":{"line":27,"column":7}},{"start":{"line":25,"column":13},"end":{"line":27,"column":7}}],"line":23},"4":{"loc":{"start":{"line":55,"column":23},"end":{"line":55,"column":79}},"type":"binary-expr","locations":[{"start":{"line":55,"column":23},"end":{"line":55,"column":60}},{"start":{"line":55,"column":64},"end":{"line":55,"column":79}}],"line":55},"5":{"loc":{"start":{"line":61,"column":10},"end":{"line":65,"column":11}},"type":"if","locations":[{"start":{"line":61,"column":10},"end":{"line":65,"column":11}},{"start":{"line":63,"column":17},"end":{"line":65,"column":11}}],"line":61},"6":{"loc":{"start":{"line":61,"column":14},"end":{"line":61,"column":32}},"type":"binary-expr","locations":[{"start":{"line":61,"column":14},"end":{"line":61,"column":15}},{"start":{"line":61,"column":19},"end":{"line":61,"column":32}}],"line":61},"7":{"loc":{"start":{"line":63,"column":17},"end":{"line":65,"column":11}},"type":"if","locations":[{"start":{"line":63,"column":17},"end":{"line":65,"column":11}},{"start":{},"end":{}}],"line":63},"8":{"loc":{"start":{"line":64,"column":74},"end":{"line":64,"column":88}},"type":"binary-expr","locations":[{"start":{"line":64,"column":74},"end":{"line":64,"column":83}},{"start":{"line":64,"column":87},"end":{"line":64,"column":88}}],"line":64}},"s":{"0":4,"1":4,"2":4,"3":4,"4":4,"5":1,"6":4,"7":4,"8":0,"9":0,"10":0,"11":0,"12":0,"13":0,"14":4,"15":4,"16":4,"17":4,"18":4,"19":4,"20":4,"21":4,"22":4,"23":4,"24":4,"25":4,"26":4,"27":4,"28":4,"29":4,"30":4,"31":4,"32":4,"33":4,"34":4,"35":4,"36":0,"37":0,"38":0,"39":4,"40":4,"41":0,"42":4,"43":0,"44":0,"45":0,"46":0,"47":0,"48":0,"49":0,"50":0,"51":4},"f":{"0":4,"1":0,"2":4,"3":4,"4":0,"5":0},"b":{"0":[1,3],"1":[4,4],"2":[0,4],"3":[0,0],"4":[4,0],"5":[0,0],"6":[0,0],"7":[0,0],"8":[0,0]},"_coverageSchema":"1a1c01bbd47fc00a2c39e90264f33305004495a9","hash":"6693632c284c46f33cfe5b193c262d2e04b2ccaf"}
,"C:\\Users\\ruben\\OneDrive\\Desktop\\Proyecto de ruben\\ProyectoGrado\\backend\\src\\controllers\\auth.controller.js": {"path":"C:\\Users\\ruben\\OneDrive\\Desktop\\Proyecto de ruben\\ProyectoGrado\\backend\\src\\controllers\\auth.controller.js","statementMap":{"0":{"start":{"line":1,"column":15},"end":{"line":1,"column":34}},"1":{"start":{"line":2,"column":15},"end":{"line":2,"column":32}},"2":{"start":{"line":3,"column":12},"end":{"line":3,"column":35}},"3":{"start":{"line":5,"column":16},"end":{"line":5,"column":44}},"4":{"start":{"line":7,"column":21},"end":{"line":13,"column":1}},"5":{"start":{"line":8,"column":17},"end":{"line":8,"column":39}},"6":{"start":{"line":9,"column":2},"end":{"line":11,"column":3}},"7":{"start":{"line":10,"column":4},"end":{"line":10,"column":103}},"8":{"start":{"line":12,"column":2},"end":{"line":12,"column":16}},"9":{"start":{"line":15,"column":17},"end":{"line":39,"column":1}},"10":{"start":{"line":16,"column":2},"end":{"line":38,"column":3}},"11":{"start":{"line":17,"column":45},"end":{"line":17,"column":53}},"12":{"start":{"line":19,"column":21},"end":{"line":19,"column":60}},"13":{"start":{"line":20,"column":4},"end":{"line":22,"column":5}},"14":{"start":{"line":21,"column":6},"end":{"line":21,"column":73}},"15":{"start":{"line":24,"column":19},"end":{"line":24,"column":50}},"16":{"start":{"line":25,"column":17},"end":{"line":30,"column":6}},"17":{"start":{"line":32,"column":4},"end":{"line":35,"column":7}},"18":{"start":{"line":37,"column":4},"end":{"line":37,"column":16}},"19":{"start":{"line":41,"column":11},"end":{"line":49,"column":1}},"20":{"start":{"line":43,"column":15},"end":{"line":43,"column":23}},"21":{"start":{"line":45,"column":2},"end":{"line":48,"column":5}},"22":{"start":{"line":51,"column":16},"end":{"line":76,"column":1}},"23":{"start":{"line":52,"column":2},"end":{"line":75,"column":3}},"24":{"start":{"line":53,"column":29},"end":{"line":53,"column":37}},"25":{"start":{"line":54,"column":4},"end":{"line":56,"column":5}},"26":{"start":{"line":55,"column":6},"end":{"line":55,"column":75}},"27":{"start":{"line":58,"column":17},"end":{"line":58,"column":56}},"28":{"start":{"line":59,"column":4},"end":{"line":61,"column":5}},"29":{"start":{"line":60,"column":6},"end":{"line":60,"column":74}},"30":{"start":{"line":63,"column":28},"end":{"line":63,"column":66}},"31":{"start":{"line":64,"column":4},"end":{"line":64,"column":81}},"32":{"start":{"line":66,"column":18},"end":{"line":70,"column":5}},"33":{"start":{"line":72,"column":4},"end":{"line":72,"column":62}},"34":{"start":{"line":74,"column":4},"end":{"line":74,"column":85}},"35":{"start":{"line":78,"column":14},"end":{"line":103,"column":1}},"36":{"start":{"line":79,"column":2},"end":{"line":102,"column":3}},"37":{"start":{"line":80,"column":32},"end":{"line":80,"column":40}},"38":{"start":{"line":82,"column":17},"end":{"line":82,"column":76}},"39":{"start":{"line":83,"column":4},"end":{"line":85,"column":5}},"40":{"start":{"line":84,"column":6},"end":{"line":84,"column":74}},"41":{"start":{"line":87,"column":20},"end":{"line":87,"column":65}},"42":{"start":{"line":88,"column":4},"end":{"line":90,"column":5}},"43":{"start":{"line":89,"column":6},"end":{"line":89,"column":74}},"44":{"start":{"line":92,"column":18},"end":{"line":94,"column":6}},"45":{"start":{"line":96,"column":25},"end":{"line":96,"column":63}},"46":{"start":{"line":97,"column":4},"end":{"line":97,"column":64}},"47":{"start":{"line":99,"column":4},"end":{"line":99,"column":45}},"48":{"start":{"line":101,"column":4},"end":{"line":101,"column":16}},"49":{"start":{"line":105,"column":15},"end":{"line":113,"column":1}},"50":{"start":{"line":106,"column":2},"end":{"line":112,"column":3}},"51":{"start":{"line":107,"column":19},"end":{"line":107,"column":50}},"52":{"start":{"line":108,"column":4},"end":{"line":108,"column":68}},"53":{"start":{"line":109,"column":4},"end":{"line":109,"column":65}},"54":{"start":{"line":111,"column":4},"end":{"line":111,"column":16}},"55":{"start":{"line":115,"column":0},"end":{"line":115,"column":58}}},"fnMap":{"0":{"name":"(anonymous_0)","decl":{"start":{"line":7,"column":21},"end":{"line":7,"column":22}},"loc":{"start":{"line":7,"column":27},"end":{"line":13,"column":1}},"line":7},"1":{"name":"(anonymous_1)","decl":{"start":{"line":15,"column":17},"end":{"line":15,"column":18}},"loc":{"start":{"line":15,"column":43},"end":{"line":39,"column":1}},"line":15},"2":{"name":"(anonymous_2)","decl":{"start":{"line":41,"column":11},"end":{"line":41,"column":12}},"loc":{"start":{"line":41,"column":31},"end":{"line":49,"column":1}},"line":41},"3":{"name":"(anonymous_3)","decl":{"start":{"line":51,"column":16},"end":{"line":51,"column":17}},"loc":{"start":{"line":51,"column":36},"end":{"line":76,"column":1}},"line":51},"4":{"name":"(anonymous_4)","decl":{"start":{"line":78,"column":14},"end":{"line":78,"column":15}},"loc":{"start":{"line":78,"column":40},"end":{"line":103,"column":1}},"line":78},"5":{"name":"(anonymous_5)","decl":{"start":{"line":105,"column":15},"end":{"line":105,"column":16}},"loc":{"start":{"line":105,"column":41},"end":{"line":113,"column":1}},"line":105}},"branchMap":{"0":{"loc":{"start":{"line":9,"column":2},"end":{"line":11,"column":3}},"type":"if","locations":[{"start":{"line":9,"column":2},"end":{"line":11,"column":3}},{"start":{},"end":{}}],"line":9},"1":{"loc":{"start":{"line":20,"column":4},"end":{"line":22,"column":5}},"type":"if","locations":[{"start":{"line":20,"column":4},"end":{"line":22,"column":5}},{"start":{},"end":{}}],"line":20},"2":{"loc":{"start":{"line":28,"column":14},"end":{"line":28,"column":36}},"type":"binary-expr","locations":[{"start":{"line":28,"column":14},"end":{"line":28,"column":20}},{"start":{"line":28,"column":24},"end":{"line":28,"column":36}}],"line":28},"3":{"loc":{"start":{"line":29,"column":11},"end":{"line":29,"column":57}},"type":"cond-expr","locations":[{"start":{"line":29,"column":34},"end":{"line":29,"column":46}},{"start":{"line":29,"column":49},"end":{"line":29,"column":57}}],"line":29},"4":{"loc":{"start":{"line":54,"column":4},"end":{"line":56,"column":5}},"type":"if","locations":[{"start":{"line":54,"column":4},"end":{"line":56,"column":5}},{"start":{},"end":{}}],"line":54},"5":{"loc":{"start":{"line":59,"column":4},"end":{"line":61,"column":5}},"type":"if","locations":[{"start":{"line":59,"column":4},"end":{"line":61,"column":5}},{"start":{},"end":{}}],"line":59},"6":{"loc":{"start":{"line":83,"column":4},"end":{"line":85,"column":5}},"type":"if","locations":[{"start":{"line":83,"column":4},"end":{"line":85,"column":5}},{"start":{},"end":{}}],"line":83},"7":{"loc":{"start":{"line":88,"column":4},"end":{"line":90,"column":5}},"type":"if","locations":[{"start":{"line":88,"column":4},"end":{"line":90,"column":5}},{"start":{},"end":{}}],"line":88},"8":{"loc":{"start":{"line":107,"column":19},"end":{"line":107,"column":50}},"type":"binary-expr","locations":[{"start":{"line":107,"column":19},"end":{"line":107,"column":34}},{"start":{"line":107,"column":38},"end":{"line":107,"column":50}}],"line":107}},"s":{"0":3,"1":3,"2":3,"3":3,"4":3,"5":32,"6":32,"7":0,"8":32,"9":3,"10":2,"11":2,"12":2,"13":2,"14":0,"15":2,"16":2,"17":2,"18":0,"19":3,"20":1,"21":1,"22":3,"23":1,"24":1,"25":1,"26":0,"27":1,"28":1,"29":0,"30":1,"31":1,"32":1,"33":1,"34":0,"35":3,"36":31,"37":31,"38":31,"39":31,"40":0,"41":31,"42":31,"43":0,"44":31,"45":31,"46":31,"47":31,"48":0,"49":3,"50":0,"51":0,"52":0,"53":0,"54":0,"55":3},"f":{"0":32,"1":2,"2":1,"3":1,"4":31,"5":0},"b":{"0":[0,32],"1":[0,2],"2":[2,0],"3":[0,2],"4":[0,1],"5":[0,1],"6":[0,31],"7":[0,31],"8":[0,0]},"_coverageSchema":"1a1c01bbd47fc00a2c39e90264f33305004495a9","hash":"0137d709cd1ef6cb3cbccfd78a986f68d47a433b"}
,"C:\\Users\\ruben\\OneDrive\\Desktop\\Proyecto de ruben\\ProyectoGrado\\backend\\src\\controllers\\post.controller.js": {"path":"C:\\Users\\ruben\\OneDrive\\Desktop\\Proyecto de ruben\\ProyectoGrado\\backend\\src\\controllers\\post.controller.js","statementMap":{"0":{"start":{"line":1,"column":20},"end":{"line":1,"column":52}},"1":{"start":{"line":2,"column":19},"end":{"line":2,"column":50}},"2":{"start":{"line":3,"column":17},"end":{"line":3,"column":46}},"3":{"start":{"line":9,"column":0},"end":{"line":29,"column":2}},"4":{"start":{"line":10,"column":2},"end":{"line":28,"column":3}},"5":{"start":{"line":11,"column":26},"end":{"line":11,"column":34}},"6":{"start":{"line":12,"column":29},"end":{"line":15,"column":6}},"7":{"start":{"line":17,"column":32},"end":{"line":20,"column":5}},"8":{"start":{"line":22,"column":4},"end":{"line":25,"column":7}},"9":{"start":{"line":27,"column":4},"end":{"line":27,"column":16}},"10":{"start":{"line":31,"column":0},"end":{"line":64,"column":2}},"11":{"start":{"line":32,"column":2},"end":{"line":63,"column":3}},"12":{"start":{"line":33,"column":19},"end":{"line":33,"column":30}},"13":{"start":{"line":36,"column":26},"end":{"line":41,"column":13}},"14":{"start":{"line":44,"column":27},"end":{"line":55,"column":6}},"15":{"start":{"line":45,"column":23},"end":{"line":45,"column":82}},"16":{"start":{"line":45,"column":46},"end":{"line":45,"column":81}},"17":{"start":{"line":46,"column":27},"end":{"line":46,"column":90}},"18":{"start":{"line":46,"column":54},"end":{"line":46,"column":89}},"19":{"start":{"line":48,"column":6},"end":{"line":54,"column":8}},"20":{"start":{"line":57,"column":4},"end":{"line":60,"column":7}},"21":{"start":{"line":62,"column":4},"end":{"line":62,"column":16}},"22":{"start":{"line":66,"column":0},"end":{"line":100,"column":2}},"23":{"start":{"line":67,"column":2},"end":{"line":99,"column":3}},"24":{"start":{"line":68,"column":19},"end":{"line":68,"column":29}},"25":{"start":{"line":69,"column":19},"end":{"line":69,"column":30}},"26":{"start":{"line":71,"column":24},"end":{"line":78,"column":13}},"27":{"start":{"line":80,"column":4},"end":{"line":82,"column":5}},"28":{"start":{"line":81,"column":6},"end":{"line":81,"column":76}},"29":{"start":{"line":84,"column":21},"end":{"line":84,"column":90}},"30":{"start":{"line":84,"column":53},"end":{"line":84,"column":89}},"31":{"start":{"line":85,"column":25},"end":{"line":85,"column":98}},"32":{"start":{"line":85,"column":61},"end":{"line":85,"column":97}},"33":{"start":{"line":87,"column":4},"end":{"line":96,"column":7}},"34":{"start":{"line":98,"column":4},"end":{"line":98,"column":16}},"35":{"start":{"line":106,"column":0},"end":{"line":137,"column":2}},"36":{"start":{"line":107,"column":2},"end":{"line":136,"column":3}},"37":{"start":{"line":108,"column":19},"end":{"line":108,"column":29}},"38":{"start":{"line":109,"column":19},"end":{"line":109,"column":30}},"39":{"start":{"line":111,"column":24},"end":{"line":111,"column":54}},"40":{"start":{"line":112,"column":4},"end":{"line":114,"column":5}},"41":{"start":{"line":113,"column":6},"end":{"line":113,"column":76}},"42":{"start":{"line":116,"column":18},"end":{"line":116,"column":51}},"43":{"start":{"line":117,"column":19},"end":{"line":117,"column":24}},"44":{"start":{"line":119,"column":4},"end":{"line":125,"column":5}},"45":{"start":{"line":120,"column":6},"end":{"line":120,"column":37}},"46":{"start":{"line":121,"column":6},"end":{"line":121,"column":22}},"47":{"start":{"line":123,"column":6},"end":{"line":123,"column":41}},"48":{"start":{"line":124,"column":6},"end":{"line":124,"column":23}},"49":{"start":{"line":127,"column":4},"end":{"line":127,"column":29}},"50":{"start":{"line":129,"column":4},"end":{"line":133,"column":7}},"51":{"start":{"line":135,"column":4},"end":{"line":135,"column":16}},"52":{"start":{"line":139,"column":0},"end":{"line":169,"column":2}},"53":{"start":{"line":140,"column":2},"end":{"line":168,"column":3}},"54":{"start":{"line":141,"column":19},"end":{"line":141,"column":29}},"55":{"start":{"line":142,"column":19},"end":{"line":142,"column":30}},"56":{"start":{"line":144,"column":24},"end":{"line":144,"column":54}},"57":{"start":{"line":145,"column":4},"end":{"line":147,"column":5}},"58":{"start":{"line":146,"column":6},"end":{"line":146,"column":76}},"59":{"start":{"line":149,"column":18},"end":{"line":149,"column":55}},"60":{"start":{"line":150,"column":23},"end":{"line":150,"column":28}},"61":{"start":{"line":152,"column":4},"end":{"line":158,"column":5}},"62":{"start":{"line":153,"column":6},"end":{"line":153,"column":41}},"63":{"start":{"line":154,"column":6},"end":{"line":154,"column":26}},"64":{"start":{"line":156,"column":6},"end":{"line":156,"column":45}},"65":{"start":{"line":157,"column":6},"end":{"line":157,"column":27}},"66":{"start":{"line":160,"column":4},"end":{"line":160,"column":29}},"67":{"start":{"line":162,"column":4},"end":{"line":165,"column":7}},"68":{"start":{"line":167,"column":4},"end":{"line":167,"column":16}},"69":{"start":{"line":171,"column":0},"end":{"line":204,"column":2}},"70":{"start":{"line":172,"column":2},"end":{"line":203,"column":3}},"71":{"start":{"line":173,"column":19},"end":{"line":173,"column":29}},"72":{"start":{"line":174,"column":22},"end":{"line":174,"column":30}},"73":{"start":{"line":175,"column":19},"end":{"line":175,"column":30}},"74":{"start":{"line":177,"column":24},"end":{"line":177,"column":54}},"75":{"start":{"line":178,"column":4},"end":{"line":180,"column":5}},"76":{"start":{"line":179,"column":6},"end":{"line":179,"column":76}},"77":{"start":{"line":182,"column":28},"end":{"line":186,"column":6}},"78":{"start":{"line":189,"column":4},"end":{"line":189,"column":54}},"79":{"start":{"line":190,"column":4},"end":{"line":190,"column":29}},"80":{"start":{"line":192,"column":31},"end":{"line":195,"column":5}},"81":{"start":{"line":197,"column":4},"end":{"line":200,"column":7}},"82":{"start":{"line":202,"column":4},"end":{"line":202,"column":16}},"83":{"start":{"line":210,"column":0},"end":{"line":232,"column":2}},"84":{"start":{"line":211,"column":2},"end":{"line":231,"column":3}},"85":{"start":{"line":212,"column":19},"end":{"line":212,"column":29}},"86":{"start":{"line":213,"column":19},"end":{"line":213,"column":30}},"87":{"start":{"line":215,"column":24},"end":{"line":215,"column":54}},"88":{"start":{"line":216,"column":4},"end":{"line":218,"column":5}},"89":{"start":{"line":217,"column":6},"end":{"line":217,"column":76}},"90":{"start":{"line":220,"column":4},"end":{"line":223,"column":5}},"91":{"start":{"line":221,"column":6},"end":{"line":221,"column":44}},"92":{"start":{"line":222,"column":6},"end":{"line":222,"column":31}},"93":{"start":{"line":225,"column":4},"end":{"line":228,"column":7}},"94":{"start":{"line":230,"column":4},"end":{"line":230,"column":16}},"95":{"start":{"line":234,"column":0},"end":{"line":264,"column":2}},"96":{"start":{"line":235,"column":2},"end":{"line":263,"column":3}},"97":{"start":{"line":236,"column":19},"end":{"line":236,"column":29}},"98":{"start":{"line":237,"column":46},"end":{"line":237,"column":54}},"99":{"start":{"line":238,"column":19},"end":{"line":238,"column":30}},"100":{"start":{"line":241,"column":27},"end":{"line":244,"column":6}},"101":{"start":{"line":246,"column":4},"end":{"line":248,"column":5}},"102":{"start":{"line":247,"column":6},"end":{"line":247,"column":86}},"103":{"start":{"line":250,"column":4},"end":{"line":255,"column":7}},"104":{"start":{"line":257,"column":4},"end":{"line":260,"column":7}},"105":{"start":{"line":262,"column":4},"end":{"line":262,"column":16}}},"fnMap":{"0":{"name":"(anonymous_0)","decl":{"start":{"line":9,"column":27},"end":{"line":9,"column":28}},"loc":{"start":{"line":9,"column":53},"end":{"line":29,"column":1}},"line":9},"1":{"name":"(anonymous_1)","decl":{"start":{"line":31,"column":22},"end":{"line":31,"column":23}},"loc":{"start":{"line":31,"column":48},"end":{"line":64,"column":1}},"line":31},"2":{"name":"(anonymous_2)","decl":{"start":{"line":44,"column":45},"end":{"line":44,"column":46}},"loc":{"start":{"line":44,"column":54},"end":{"line":55,"column":5}},"line":44},"3":{"name":"(anonymous_3)","decl":{"start":{"line":45,"column":38},"end":{"line":45,"column":39}},"loc":{"start":{"line":45,"column":46},"end":{"line":45,"column":81}},"line":45},"4":{"name":"(anonymous_4)","decl":{"start":{"line":46,"column":46},"end":{"line":46,"column":47}},"loc":{"start":{"line":46,"column":54},"end":{"line":46,"column":89}},"line":46},"5":{"name":"(anonymous_5)","decl":{"start":{"line":66,"column":36},"end":{"line":66,"column":37}},"loc":{"start":{"line":66,"column":62},"end":{"line":100,"column":1}},"line":66},"6":{"name":"(anonymous_6)","decl":{"start":{"line":84,"column":44},"end":{"line":84,"column":45}},"loc":{"start":{"line":84,"column":53},"end":{"line":84,"column":89}},"line":84},"7":{"name":"(anonymous_7)","decl":{"start":{"line":85,"column":52},"end":{"line":85,"column":53}},"loc":{"start":{"line":85,"column":61},"end":{"line":85,"column":97}},"line":85},"8":{"name":"(anonymous_8)","decl":{"start":{"line":106,"column":21},"end":{"line":106,"column":22}},"loc":{"start":{"line":106,"column":47},"end":{"line":137,"column":1}},"line":106},"9":{"name":"(anonymous_9)","decl":{"start":{"line":139,"column":25},"end":{"line":139,"column":26}},"loc":{"start":{"line":139,"column":51},"end":{"line":169,"column":1}},"line":139},"10":{"name":"(anonymous_10)","decl":{"start":{"line":171,"column":19},"end":{"line":171,"column":20}},"loc":{"start":{"line":171,"column":45},"end":{"line":204,"column":1}},"line":171},"11":{"name":"(anonymous_11)","decl":{"start":{"line":210,"column":30},"end":{"line":210,"column":31}},"loc":{"start":{"line":210,"column":56},"end":{"line":232,"column":1}},"line":210},"12":{"name":"(anonymous_12)","decl":{"start":{"line":234,"column":31},"end":{"line":234,"column":32}},"loc":{"start":{"line":234,"column":57},"end":{"line":264,"column":1}},"line":234}},"branchMap":{"0":{"loc":{"start":{"line":80,"column":4},"end":{"line":82,"column":5}},"type":"if","locations":[{"start":{"line":80,"column":4},"end":{"line":82,"column":5}},{"start":{},"end":{}}],"line":80},"1":{"loc":{"start":{"line":112,"column":4},"end":{"line":114,"column":5}},"type":"if","locations":[{"start":{"line":112,"column":4},"end":{"line":114,"column":5}},{"start":{},"end":{}}],"line":112},"2":{"loc":{"start":{"line":119,"column":4},"end":{"line":125,"column":5}},"type":"if","locations":[{"start":{"line":119,"column":4},"end":{"line":125,"column":5}},{"start":{"line":122,"column":11},"end":{"line":125,"column":5}}],"line":119},"3":{"loc":{"start":{"line":145,"column":4},"end":{"line":147,"column":5}},"type":"if","locations":[{"start":{"line":145,"column":4},"end":{"line":147,"column":5}},{"start":{},"end":{}}],"line":145},"4":{"loc":{"start":{"line":152,"column":4},"end":{"line":158,"column":5}},"type":"if","locations":[{"start":{"line":152,"column":4},"end":{"line":158,"column":5}},{"start":{"line":155,"column":11},"end":{"line":158,"column":5}}],"line":152},"5":{"loc":{"start":{"line":178,"column":4},"end":{"line":180,"column":5}},"type":"if","locations":[{"start":{"line":178,"column":4},"end":{"line":180,"column":5}},{"start":{},"end":{}}],"line":178},"6":{"loc":{"start":{"line":216,"column":4},"end":{"line":218,"column":5}},"type":"if","locations":[{"start":{"line":216,"column":4},"end":{"line":218,"column":5}},{"start":{},"end":{}}],"line":216},"7":{"loc":{"start":{"line":220,"column":4},"end":{"line":223,"column":5}},"type":"if","locations":[{"start":{"line":220,"column":4},"end":{"line":223,"column":5}},{"start":{},"end":{}}],"line":220},"8":{"loc":{"start":{"line":246,"column":4},"end":{"line":248,"column":5}},"type":"if","locations":[{"start":{"line":246,"column":4},"end":{"line":248,"column":5}},{"start":{},"end":{}}],"line":246}},"s":{"0":3,"1":3,"2":3,"3":3,"4":0,"5":0,"6":0,"7":0,"8":0,"9":0,"10":3,"11":0,"12":0,"13":0,"14":0,"15":0,"16":0,"17":0,"18":0,"19":0,"20":0,"21":0,"22":3,"23":0,"24":0,"25":0,"26":0,"27":0,"28":0,"29":0,"30":0,"31":0,"32":0,"33":0,"34":0,"35":3,"36":0,"37":0,"38":0,"39":0,"40":0,"41":0,"42":0,"43":0,"44":0,"45":0,"46":0,"47":0,"48":0,"49":0,"50":0,"51":0,"52":3,"53":0,"54":0,"55":0,"56":0,"57":0,"58":0,"59":0,"60":0,"61":0,"62":0,"63":0,"64":0,"65":0,"66":0,"67":0,"68":0,"69":3,"70":0,"71":0,"72":0,"73":0,"74":0,"75":0,"76":0,"77":0,"78":0,"79":0,"80":0,"81":0,"82":0,"83":3,"84":0,"85":0,"86":0,"87":0,"88":0,"89":0,"90":0,"91":0,"92":0,"93":0,"94":0,"95":3,"96":0,"97":0,"98":0,"99":0,"100":0,"101":0,"102":0,"103":0,"104":0,"105":0},"f":{"0":0,"1":0,"2":0,"3":0,"4":0,"5":0,"6":0,"7":0,"8":0,"9":0,"10":0,"11":0,"12":0},"b":{"0":[0,0],"1":[0,0],"2":[0,0],"3":[0,0],"4":[0,0],"5":[0,0],"6":[0,0],"7":[0,0],"8":[0,0]},"_coverageSchema":"1a1c01bbd47fc00a2c39e90264f33305004495a9","hash":"4e4e8574e32b475e6c5fb67a2558baa961613f19"}
,"C:\\Users\\ruben\\OneDrive\\Desktop\\Proyecto de ruben\\ProyectoGrado\\backend\\src\\controllers\\user.controller.js": {"path":"C:\\Users\\ruben\\OneDrive\\Desktop\\Proyecto de ruben\\ProyectoGrado\\backend\\src\\controllers\\user.controller.js","statementMap":{"0":{"start":{"line":1,"column":16},"end":{"line":1,"column":44}},"1":{"start":{"line":2,"column":20},"end":{"line":2,"column":52}},"2":{"start":{"line":4,"column":0},"end":{"line":47,"column":2}},"3":{"start":{"line":5,"column":2},"end":{"line":46,"column":3}},"4":{"start":{"line":6,"column":19},"end":{"line":6,"column":29}},"5":{"start":{"line":7,"column":26},"end":{"line":7,"column":37}},"6":{"start":{"line":9,"column":20},"end":{"line":9,"column":73}},"7":{"start":{"line":10,"column":4},"end":{"line":12,"column":5}},"8":{"start":{"line":11,"column":6},"end":{"line":11,"column":72}},"9":{"start":{"line":16,"column":26},"end":{"line":23,"column":13}},"10":{"start":{"line":25,"column":37},"end":{"line":35,"column":6}},"11":{"start":{"line":26,"column":23},"end":{"line":26,"column":91}},"12":{"start":{"line":26,"column":47},"end":{"line":26,"column":90}},"13":{"start":{"line":27,"column":27},"end":{"line":27,"column":99}},"14":{"start":{"line":27,"column":55},"end":{"line":27,"column":98}},"15":{"start":{"line":28,"column":6},"end":{"line":34,"column":8}},"16":{"start":{"line":37,"column":4},"end":{"line":43,"column":7}},"17":{"start":{"line":45,"column":4},"end":{"line":45,"column":16}}},"fnMap":{"0":{"name":"(anonymous_0)","decl":{"start":{"line":4,"column":31},"end":{"line":4,"column":32}},"loc":{"start":{"line":4,"column":57},"end":{"line":47,"column":1}},"line":4},"1":{"name":"(anonymous_1)","decl":{"start":{"line":25,"column":55},"end":{"line":25,"column":56}},"loc":{"start":{"line":25,"column":64},"end":{"line":35,"column":5}},"line":25},"2":{"name":"(anonymous_2)","decl":{"start":{"line":26,"column":38},"end":{"line":26,"column":39}},"loc":{"start":{"line":26,"column":47},"end":{"line":26,"column":90}},"line":26},"3":{"name":"(anonymous_3)","decl":{"start":{"line":27,"column":46},"end":{"line":27,"column":47}},"loc":{"start":{"line":27,"column":55},"end":{"line":27,"column":98}},"line":27}},"branchMap":{"0":{"loc":{"start":{"line":10,"column":4},"end":{"line":12,"column":5}},"type":"if","locations":[{"start":{"line":10,"column":4},"end":{"line":12,"column":5}},{"start":{},"end":{}}],"line":10}},"s":{"0":3,"1":3,"2":3,"3":0,"4":0,"5":0,"6":0,"7":0,"8":0,"9":0,"10":0,"11":0,"12":0,"13":0,"14":0,"15":0,"16":0,"17":0},"f":{"0":0,"1":0,"2":0,"3":0},"b":{"0":[0,0]},"_coverageSchema":"1a1c01bbd47fc00a2c39e90264f33305004495a9","hash":"04782386281779a22d1c0303367c2c04ba9921a1"}
,"C:\\Users\\ruben\\OneDrive\\Desktop\\Proyecto de ruben\\ProyectoGrado\\backend\\src\\middleware\\auth.js": {"path":"C:\\Users\\ruben\\OneDrive\\Desktop\\Proyecto de ruben\\ProyectoGrado\\backend\\src\\middleware\\auth.js","statementMap":{"0":{"start":{"line":1,"column":12},"end":{"line":1,"column":35}},"1":{"start":{"line":3,"column":21},"end":{"line":22,"column":1}},"2":{"start":{"line":4,"column":21},"end":{"line":4,"column":46}},"3":{"start":{"line":5,"column":2},"end":{"line":7,"column":3}},"4":{"start":{"line":6,"column":4},"end":{"line":6,"column":74}},"5":{"start":{"line":9,"column":16},"end":{"line":9,"column":40}},"6":{"start":{"line":10,"column":17},"end":{"line":10,"column":39}},"7":{"start":{"line":11,"column":2},"end":{"line":13,"column":3}},"8":{"start":{"line":12,"column":4},"end":{"line":12,"column":90}},"9":{"start":{"line":15,"column":2},"end":{"line":21,"column":3}},"10":{"start":{"line":16,"column":20},"end":{"line":16,"column":45}},"11":{"start":{"line":17,"column":4},"end":{"line":17,"column":23}},"12":{"start":{"line":18,"column":4},"end":{"line":18,"column":11}},"13":{"start":{"line":20,"column":4},"end":{"line":20,"column":75}},"14":{"start":{"line":24,"column":0},"end":{"line":24,"column":34}}},"fnMap":{"0":{"name":"(anonymous_0)","decl":{"start":{"line":3,"column":21},"end":{"line":3,"column":22}},"loc":{"start":{"line":3,"column":41},"end":{"line":22,"column":1}},"line":3}},"branchMap":{"0":{"loc":{"start":{"line":5,"column":2},"end":{"line":7,"column":3}},"type":"if","locations":[{"start":{"line":5,"column":2},"end":{"line":7,"column":3}},{"start":{},"end":{}}],"line":5},"1":{"loc":{"start":{"line":5,"column":6},"end":{"line":5,"column":54}},"type":"binary-expr","locations":[{"start":{"line":5,"column":6},"end":{"line":5,"column":17}},{"start":{"line":5,"column":21},"end":{"line":5,"column":54}}],"line":5},"2":{"loc":{"start":{"line":11,"column":2},"end":{"line":13,"column":3}},"type":"if","locations":[{"start":{"line":11,"column":2},"end":{"line":13,"column":3}},{"start":{},"end":{}}],"line":11}},"s":{"0":3,"1":3,"2":5,"3":5,"4":2,"5":3,"6":3,"7":3,"8":0,"9":3,"10":3,"11":3,"12":3,"13":0,"14":3},"f":{"0":5},"b":{"0":[2,3],"1":[5,3],"2":[0,3]},"_coverageSchema":"1a1c01bbd47fc00a2c39e90264f33305004495a9","hash":"9bbadf861f5783e2fc40cff7c80b7e591f7153ad"}
,"C:\\Users\\ruben\\OneDrive\\Desktop\\Proyecto de ruben\\ProyectoGrado\\backend\\src\\middleware\\errorHandler.js": {"path":"C:\\Users\\ruben\\OneDrive\\Desktop\\Proyecto de ruben\\ProyectoGrado\\backend\\src\\middleware\\errorHandler.js","statementMap":{"0":{"start":{"line":1,"column":21},"end":{"line":17,"column":1}},"1":{"start":{"line":2,"column":17},"end":{"line":2,"column":34}},"2":{"start":{"line":3,"column":16},"end":{"line":3,"column":59}},"3":{"start":{"line":6,"column":2},"end":{"line":10,"column":3}},"4":{"start":{"line":7,"column":4},"end":{"line":7,"column":55}},"5":{"start":{"line":8,"column":9},"end":{"line":10,"column":3}},"6":{"start":{"line":9,"column":4},"end":{"line":9,"column":23}},"7":{"start":{"line":12,"column":2},"end":{"line":16,"column":5}},"8":{"start":{"line":19,"column":24},"end":{"line":24,"column":1}},"9":{"start":{"line":20,"column":2},"end":{"line":23,"column":5}},"10":{"start":{"line":26,"column":0},"end":{"line":26,"column":51}}},"fnMap":{"0":{"name":"(anonymous_0)","decl":{"start":{"line":1,"column":21},"end":{"line":1,"column":22}},"loc":{"start":{"line":1,"column":46},"end":{"line":17,"column":1}},"line":1},"1":{"name":"(anonymous_1)","decl":{"start":{"line":19,"column":24},"end":{"line":19,"column":25}},"loc":{"start":{"line":19,"column":38},"end":{"line":24,"column":1}},"line":19}},"branchMap":{"0":{"loc":{"start":{"line":2,"column":17},"end":{"line":2,"column":34}},"type":"binary-expr","locations":[{"start":{"line":2,"column":17},"end":{"line":2,"column":27}},{"start":{"line":2,"column":31},"end":{"line":2,"column":34}}],"line":2},"1":{"loc":{"start":{"line":3,"column":16},"end":{"line":3,"column":59}},"type":"binary-expr","locations":[{"start":{"line":3,"column":16},"end":{"line":3,"column":27}},{"start":{"line":3,"column":31},"end":{"line":3,"column":59}}],"line":3},"2":{"loc":{"start":{"line":6,"column":2},"end":{"line":10,"column":3}},"type":"if","locations":[{"start":{"line":6,"column":2},"end":{"line":10,"column":3}},{"start":{"line":8,"column":9},"end":{"line":10,"column":3}}],"line":6},"3":{"loc":{"start":{"line":6,"column":6},"end":{"line":6,"column":61}},"type":"binary-expr","locations":[{"start":{"line":6,"column":6},"end":{"line":6,"column":43}},{"start":{"line":6,"column":47},"end":{"line":6,"column":61}}],"line":6},"4":{"loc":{"start":{"line":8,"column":9},"end":{"line":10,"column":3}},"type":"if","locations":[{"start":{"line":8,"column":9},"end":{"line":10,"column":3}},{"start":{},"end":{}}],"line":8},"5":{"loc":{"start":{"line":15,"column":8},"end":{"line":15,"column":69}},"type":"binary-expr","locations":[{"start":{"line":15,"column":8},"end":{"line":15,"column":45}},{"start":{"line":15,"column":49},"end":{"line":15,"column":69}}],"line":15}},"s":{"0":3,"1":0,"2":0,"3":0,"4":0,"5":0,"6":0,"7":0,"8":3,"9":0,"10":3},"f":{"0":0,"1":0},"b":{"0":[0,0],"1":[0,0],"2":[0,0],"3":[0,0],"4":[0,0],"5":[0,0]},"_coverageSchema":"1a1c01bbd47fc00a2c39e90264f33305004495a9","hash":"505a6891266900efdbd6b1d94659b2fb5fd247f4"}
,"C:\\Users\\ruben\\OneDrive\\Desktop\\Proyecto de ruben\\ProyectoGrado\\backend\\src\\middleware\\validateRequest.js": {"path":"C:\\Users\\ruben\\OneDrive\\Desktop\\Proyecto de ruben\\ProyectoGrado\\backend\\src\\middleware\\validateRequest.js","statementMap":{"0":{"start":{"line":1,"column":29},"end":{"line":1,"column":57}},"1":{"start":{"line":3,"column":24},"end":{"line":12,"column":1}},"2":{"start":{"line":4,"column":17},"end":{"line":4,"column":38}},"3":{"start":{"line":5,"column":2},"end":{"line":10,"column":3}},"4":{"start":{"line":6,"column":4},"end":{"line":9,"column":7}},"5":{"start":{"line":8,"column":43},"end":{"line":8,"column":81}},"6":{"start":{"line":11,"column":2},"end":{"line":11,"column":9}},"7":{"start":{"line":14,"column":0},"end":{"line":14,"column":37}}},"fnMap":{"0":{"name":"(anonymous_0)","decl":{"start":{"line":3,"column":24},"end":{"line":3,"column":25}},"loc":{"start":{"line":3,"column":44},"end":{"line":12,"column":1}},"line":3},"1":{"name":"(anonymous_1)","decl":{"start":{"line":8,"column":33},"end":{"line":8,"column":34}},"loc":{"start":{"line":8,"column":43},"end":{"line":8,"column":81}},"line":8}},"branchMap":{"0":{"loc":{"start":{"line":5,"column":2},"end":{"line":10,"column":3}},"type":"if","locations":[{"start":{"line":5,"column":2},"end":{"line":10,"column":3}},{"start":{},"end":{}}],"line":5}},"s":{"0":3,"1":3,"2":34,"3":34,"4":1,"5":1,"6":33,"7":3},"f":{"0":34,"1":1},"b":{"0":[1,33]},"_coverageSchema":"1a1c01bbd47fc00a2c39e90264f33305004495a9","hash":"05917487682aa62f4ce41b2a3f2b76b637ae73a0"}
,"C:\\Users\\ruben\\OneDrive\\Desktop\\Proyecto de ruben\\ProyectoGrado\\backend\\src\\models\\Comentario.js": {"path":"C:\\Users\\ruben\\OneDrive\\Desktop\\Proyecto de ruben\\ProyectoGrado\\backend\\src\\models\\Comentario.js","statementMap":{"0":{"start":{"line":1,"column":17},"end":{"line":1,"column":36}},"1":{"start":{"line":3,"column":25},"end":{"line":24,"column":1}},"2":{"start":{"line":26,"column":0},"end":{"line":26,"column":64}}},"fnMap":{},"branchMap":{},"s":{"0":3,"1":3,"2":3},"f":{},"b":{},"_coverageSchema":"1a1c01bbd47fc00a2c39e90264f33305004495a9","hash":"996697c6bdc3d5fa0acd2ee030d16a5af82aa959"}
,"C:\\Users\\ruben\\OneDrive\\Desktop\\Proyecto de ruben\\ProyectoGrado\\backend\\src\\models\\Denuncia.js": {"path":"C:\\Users\\ruben\\OneDrive\\Desktop\\Proyecto de ruben\\ProyectoGrado\\backend\\src\\models\\Denuncia.js","statementMap":{"0":{"start":{"line":1,"column":17},"end":{"line":1,"column":36}},"1":{"start":{"line":3,"column":23},"end":{"line":28,"column":1}},"2":{"start":{"line":30,"column":0},"end":{"line":30,"column":60}}},"fnMap":{},"branchMap":{},"s":{"0":3,"1":3,"2":3},"f":{},"b":{},"_coverageSchema":"1a1c01bbd47fc00a2c39e90264f33305004495a9","hash":"5a332b2033077c2ea58fd2f63ff74feb02fe2d9b"}
,"C:\\Users\\ruben\\OneDrive\\Desktop\\Proyecto de ruben\\ProyectoGrado\\backend\\src\\models\\Publicacion.js": {"path":"C:\\Users\\ruben\\OneDrive\\Desktop\\Proyecto de ruben\\ProyectoGrado\\backend\\src\\models\\Publicacion.js","statementMap":{"0":{"start":{"line":1,"column":17},"end":{"line":1,"column":36}},"1":{"start":{"line":3,"column":26},"end":{"line":46,"column":1}},"2":{"start":{"line":48,"column":0},"end":{"line":48,"column":66}}},"fnMap":{},"branchMap":{},"s":{"0":3,"1":3,"2":3},"f":{},"b":{},"_coverageSchema":"1a1c01bbd47fc00a2c39e90264f33305004495a9","hash":"f4f69d4baeae35db0790cfcbf3c7d01a1d6f7a12"}
,"C:\\Users\\ruben\\OneDrive\\Desktop\\Proyecto de ruben\\ProyectoGrado\\backend\\src\\models\\Usuario.js": {"path":"C:\\Users\\ruben\\OneDrive\\Desktop\\Proyecto de ruben\\ProyectoGrado\\backend\\src\\models\\Usuario.js","statementMap":{"0":{"start":{"line":1,"column":17},"end":{"line":1,"column":36}},"1":{"start":{"line":3,"column":22},"end":{"line":34,"column":1}},"2":{"start":{"line":36,"column":0},"end":{"line":36,"column":58}}},"fnMap":{},"branchMap":{},"s":{"0":3,"1":3,"2":3},"f":{},"b":{},"_coverageSchema":"1a1c01bbd47fc00a2c39e90264f33305004495a9","hash":"7cdbac3940b8e8f5a53846a89df00d0ecff6a660"}
,"C:\\Users\\ruben\\OneDrive\\Desktop\\Proyecto de ruben\\ProyectoGrado\\backend\\src\\routes\\auth.routes.js": {"path":"C:\\Users\\ruben\\OneDrive\\Desktop\\Proyecto de ruben\\ProyectoGrado\\backend\\src\\routes\\auth.routes.js","statementMap":{"0":{"start":{"line":1,"column":19},"end":{"line":1,"column":37}},"1":{"start":{"line":2,"column":17},"end":{"line":2,"column":45}},"2":{"start":{"line":3,"column":49},"end":{"line":3,"column":90}},"3":{"start":{"line":4,"column":28},"end":{"line":4,"column":68}},"4":{"start":{"line":5,"column":25},"end":{"line":5,"column":54}},"5":{"start":{"line":6,"column":18},"end":{"line":6,"column":47}},"6":{"start":{"line":8,"column":21},"end":{"line":15,"column":2}},"7":{"start":{"line":17,"column":15},"end":{"line":17,"column":23}},"8":{"start":{"line":19,"column":0},"end":{"line":37,"column":2}},"9":{"start":{"line":39,"column":0},"end":{"line":48,"column":2}},"10":{"start":{"line":51,"column":0},"end":{"line":51,"column":36}},"11":{"start":{"line":52,"column":0},"end":{"line":52,"column":33}},"12":{"start":{"line":53,"column":0},"end":{"line":53,"column":45}},"13":{"start":{"line":55,"column":0},"end":{"line":55,"column":24}}},"fnMap":{},"branchMap":{"0":{"loc":{"start":{"line":11,"column":16},"end":{"line":11,"column":94}},"type":"binary-expr","locations":[{"start":{"line":11,"column":16},"end":{"line":11,"column":42}},{"start":{"line":11,"column":47},"end":{"line":11,"column":93}}],"line":11},"1":{"loc":{"start":{"line":11,"column":47},"end":{"line":11,"column":93}},"type":"cond-expr","locations":[{"start":{"line":11,"column":81},"end":{"line":11,"column":87}},{"start":{"line":11,"column":90},"end":{"line":11,"column":93}}],"line":11}},"s":{"0":3,"1":3,"2":3,"3":3,"4":3,"5":3,"6":3,"7":3,"8":3,"9":3,"10":3,"11":3,"12":3,"13":3},"f":{},"b":{"0":[3,3],"1":[3,0]},"_coverageSchema":"1a1c01bbd47fc00a2c39e90264f33305004495a9","hash":"e28521ea590e59ca5f0eb4b00a041cf30547e339"}
,"C:\\Users\\ruben\\OneDrive\\Desktop\\Proyecto de ruben\\ProyectoGrado\\backend\\src\\routes\\index.js": {"path":"C:\\Users\\ruben\\OneDrive\\Desktop\\Proyecto de ruben\\ProyectoGrado\\backend\\src\\routes\\index.js","statementMap":{"0":{"start":{"line":1,"column":19},"end":{"line":1,"column":37}},"1":{"start":{"line":3,"column":19},"end":{"line":3,"column":43}},"2":{"start":{"line":4,"column":19},"end":{"line":4,"column":43}},"3":{"start":{"line":5,"column":19},"end":{"line":5,"column":43}},"4":{"start":{"line":6,"column":25},"end":{"line":6,"column":54}},"5":{"start":{"line":8,"column":15},"end":{"line":8,"column":23}},"6":{"start":{"line":10,"column":0},"end":{"line":12,"column":3}},"7":{"start":{"line":11,"column":2},"end":{"line":11,"column":51}},"8":{"start":{"line":14,"column":0},"end":{"line":16,"column":3}},"9":{"start":{"line":15,"column":2},"end":{"line":15,"column":61}},"10":{"start":{"line":18,"column":0},"end":{"line":18,"column":32}},"11":{"start":{"line":19,"column":0},"end":{"line":19,"column":33}},"12":{"start":{"line":20,"column":0},"end":{"line":20,"column":33}},"13":{"start":{"line":22,"column":0},"end":{"line":22,"column":24}}},"fnMap":{"0":{"name":"(anonymous_0)","decl":{"start":{"line":10,"column":16},"end":{"line":10,"column":17}},"loc":{"start":{"line":10,"column":30},"end":{"line":12,"column":1}},"line":10},"1":{"name":"(anonymous_1)","decl":{"start":{"line":14,"column":39},"end":{"line":14,"column":40}},"loc":{"start":{"line":14,"column":53},"end":{"line":16,"column":1}},"line":14}},"branchMap":{},"s":{"0":3,"1":3,"2":3,"3":3,"4":3,"5":3,"6":3,"7":0,"8":3,"9":2,"10":3,"11":3,"12":3,"13":3},"f":{"0":0,"1":2},"b":{},"_coverageSchema":"1a1c01bbd47fc00a2c39e90264f33305004495a9","hash":"3045dbfb788b694ddc96116d3c7f6c4faf569cdc"}
,"C:\\Users\\ruben\\OneDrive\\Desktop\\Proyecto de ruben\\ProyectoGrado\\backend\\src\\routes\\post.routes.js": {"path":"C:\\Users\\ruben\\OneDrive\\Desktop\\Proyecto de ruben\\ProyectoGrado\\backend\\src\\routes\\post.routes.js","statementMap":{"0":{"start":{"line":1,"column":19},"end":{"line":1,"column":37}},"1":{"start":{"line":2,"column":17},"end":{"line":2,"column":45}},"2":{"start":{"line":3,"column":23},"end":{"line":3,"column":64}},"3":{"start":{"line":4,"column":25},"end":{"line":4,"column":54}},"4":{"start":{"line":5,"column":28},"end":{"line":5,"column":68}},"5":{"start":{"line":7,"column":15},"end":{"line":7,"column":23}},"6":{"start":{"line":10,"column":0},"end":{"line":10,"column":25}},"7":{"start":{"line":15,"column":0},"end":{"line":15,"column":48}},"8":{"start":{"line":17,"column":0},"end":{"line":28,"column":2}},"9":{"start":{"line":30,"column":0},"end":{"line":30,"column":61}},"10":{"start":{"line":35,"column":0},"end":{"line":35,"column":52}},"11":{"start":{"line":36,"column":0},"end":{"line":36,"column":60}},"12":{"start":{"line":38,"column":0},"end":{"line":43,"column":2}},"13":{"start":{"line":48,"column":0},"end":{"line":48,"column":65}},"14":{"start":{"line":50,"column":0},"end":{"line":58,"column":2}},"15":{"start":{"line":60,"column":0},"end":{"line":60,"column":24}}},"fnMap":{},"branchMap":{},"s":{"0":3,"1":3,"2":3,"3":3,"4":3,"5":3,"6":3,"7":3,"8":3,"9":3,"10":3,"11":3,"12":3,"13":3,"14":3,"15":3},"f":{},"b":{},"_coverageSchema":"1a1c01bbd47fc00a2c39e90264f33305004495a9","hash":"7c87763b5f23cc6e84e9dba7469e1b04d19e1573"}
,"C:\\Users\\ruben\\OneDrive\\Desktop\\Proyecto de ruben\\ProyectoGrado\\backend\\src\\routes\\user.routes.js": {"path":"C:\\Users\\ruben\\OneDrive\\Desktop\\Proyecto de ruben\\ProyectoGrado\\backend\\src\\routes\\user.routes.js","statementMap":{"0":{"start":{"line":1,"column":19},"end":{"line":1,"column":37}},"1":{"start":{"line":2,"column":33},"end":{"line":2,"column":74}},"2":{"start":{"line":3,"column":25},"end":{"line":3,"column":54}},"3":{"start":{"line":5,"column":15},"end":{"line":5,"column":23}},"4":{"start":{"line":7,"column":0},"end":{"line":7,"column":25}},"5":{"start":{"line":9,"column":0},"end":{"line":9,"column":48}},"6":{"start":{"line":11,"column":0},"end":{"line":11,"column":24}}},"fnMap":{},"branchMap":{},"s":{"0":3,"1":3,"2":3,"3":3,"4":3,"5":3,"6":3},"f":{},"b":{},"_coverageSchema":"1a1c01bbd47fc00a2c39e90264f33305004495a9","hash":"774f706d75120017dfbcc40527860f61f0e76a70"}
}
