TN:
SF:src\app.js
FN:69,(anonymous_0)
FNF:1
FNH:0
FNDA:0,(anonymous_0)
DA:1,3
DA:2,3
DA:3,3
DA:4,3
DA:5,3
DA:6,3
DA:7,3
DA:9,3
DA:10,3
DA:12,3
DA:15,3
DA:36,3
DA:37,3
DA:45,3
DA:46,3
DA:47,3
DA:48,3
DA:51,3
DA:53,3
DA:54,3
DA:57,3
DA:64,3
DA:66,3
DA:69,3
DA:70,0
DA:71,0
DA:73,0
DA:76,3
DA:77,3
DA:79,3
LF:30
LH:27
BRDA:36,0,0,3
BRDA:36,0,1,3
BRDA:53,1,0,3
BRDA:53,1,1,0
BRDA:71,2,0,0
BRDA:71,2,1,0
BRF:6
BRH:3
end_of_record
TN:
SF:src\config\database.js
FN:11,(anonymous_0)
FN:20,(anonymous_1)
FN:38,(anonymous_2)
FN:43,(anonymous_3)
FN:69,(anonymous_4)
FN:79,(anonymous_5)
FNF:6
FNH:3
FNDA:4,(anonymous_0)
FNDA:0,(anonymous_1)
FNDA:4,(anonymous_2)
FNDA:4,(anonymous_3)
FNDA:0,(anonymous_4)
FNDA:0,(anonymous_5)
DA:1,4
DA:9,4
DA:11,4
DA:12,4
DA:13,4
DA:14,1
DA:18,4
DA:19,4
DA:20,0
DA:21,0
DA:23,0
DA:24,0
DA:26,0
DA:32,4
DA:33,4
DA:35,4
DA:38,4
DA:39,4
DA:40,4
DA:43,4
DA:44,4
DA:45,4
DA:47,4
DA:48,4
DA:49,4
DA:50,4
DA:51,4
DA:52,4
DA:53,4
DA:54,4
DA:55,4
DA:57,4
DA:58,4
DA:59,4
DA:61,0
DA:63,0
DA:64,0
DA:68,4
DA:69,4
DA:70,0
DA:72,4
DA:74,0
DA:75,0
DA:77,0
DA:78,0
DA:79,0
DA:84,0
DA:85,0
DA:88,4
LF:49
LH:33
BRDA:13,0,0,1
BRDA:13,0,1,3
BRDA:18,1,0,4
BRDA:18,1,1,4
BRDA:19,2,0,0
BRDA:19,2,1,4
BRDA:23,3,0,0
BRDA:23,3,1,0
BRDA:55,4,0,4
BRDA:55,4,1,0
BRDA:61,5,0,0
BRDA:61,5,1,0
BRDA:61,6,0,0
BRDA:61,6,1,0
BRDA:63,7,0,0
BRDA:63,7,1,0
BRDA:64,8,0,0
BRDA:64,8,1,0
BRF:18
BRH:6
end_of_record
TN:
SF:src\controllers\auth.controller.js
FN:7,(anonymous_0)
FN:15,(anonymous_1)
FN:41,(anonymous_2)
FN:51,(anonymous_3)
FN:78,(anonymous_4)
FN:105,(anonymous_5)
FNF:6
FNH:5
FNDA:32,(anonymous_0)
FNDA:2,(anonymous_1)
FNDA:1,(anonymous_2)
FNDA:1,(anonymous_3)
FNDA:31,(anonymous_4)
FNDA:0,(anonymous_5)
DA:1,3
DA:2,3
DA:3,3
DA:5,3
DA:7,3
DA:8,32
DA:9,32
DA:10,0
DA:12,32
DA:15,3
DA:16,2
DA:17,2
DA:19,2
DA:20,2
DA:21,0
DA:24,2
DA:25,2
DA:32,2
DA:37,0
DA:41,3
DA:43,1
DA:45,1
DA:51,3
DA:52,1
DA:53,1
DA:54,1
DA:55,0
DA:58,1
DA:59,1
DA:60,0
DA:63,1
DA:64,1
DA:66,1
DA:72,1
DA:74,0
DA:78,3
DA:79,31
DA:80,31
DA:82,31
DA:83,31
DA:84,0
DA:87,31
DA:88,31
DA:89,0
DA:92,31
DA:96,31
DA:97,31
DA:99,31
DA:101,0
DA:105,3
DA:106,0
DA:107,0
DA:108,0
DA:109,0
DA:111,0
DA:115,3
LF:56
LH:42
BRDA:9,0,0,0
BRDA:9,0,1,32
BRDA:20,1,0,0
BRDA:20,1,1,2
BRDA:28,2,0,2
BRDA:28,2,1,0
BRDA:29,3,0,0
BRDA:29,3,1,2
BRDA:54,4,0,0
BRDA:54,4,1,1
BRDA:59,5,0,0
BRDA:59,5,1,1
BRDA:83,6,0,0
BRDA:83,6,1,31
BRDA:88,7,0,0
BRDA:88,7,1,31
BRDA:107,8,0,0
BRDA:107,8,1,0
BRF:18
BRH:8
end_of_record
TN:
SF:src\controllers\post.controller.js
FN:9,(anonymous_0)
FN:31,(anonymous_1)
FN:44,(anonymous_2)
FN:45,(anonymous_3)
FN:46,(anonymous_4)
FN:66,(anonymous_5)
FN:84,(anonymous_6)
FN:85,(anonymous_7)
FN:106,(anonymous_8)
FN:139,(anonymous_9)
FN:171,(anonymous_10)
FN:210,(anonymous_11)
FN:234,(anonymous_12)
FNF:13
FNH:0
FNDA:0,(anonymous_0)
FNDA:0,(anonymous_1)
FNDA:0,(anonymous_2)
FNDA:0,(anonymous_3)
FNDA:0,(anonymous_4)
FNDA:0,(anonymous_5)
FNDA:0,(anonymous_6)
FNDA:0,(anonymous_7)
FNDA:0,(anonymous_8)
FNDA:0,(anonymous_9)
FNDA:0,(anonymous_10)
FNDA:0,(anonymous_11)
FNDA:0,(anonymous_12)
DA:1,3
DA:2,3
DA:3,3
DA:9,3
DA:10,0
DA:11,0
DA:12,0
DA:17,0
DA:22,0
DA:27,0
DA:31,3
DA:32,0
DA:33,0
DA:36,0
DA:44,0
DA:45,0
DA:46,0
DA:48,0
DA:57,0
DA:62,0
DA:66,3
DA:67,0
DA:68,0
DA:69,0
DA:71,0
DA:80,0
DA:81,0
DA:84,0
DA:85,0
DA:87,0
DA:98,0
DA:106,3
DA:107,0
DA:108,0
DA:109,0
DA:111,0
DA:112,0
DA:113,0
DA:116,0
DA:117,0
DA:119,0
DA:120,0
DA:121,0
DA:123,0
DA:124,0
DA:127,0
DA:129,0
DA:135,0
DA:139,3
DA:140,0
DA:141,0
DA:142,0
DA:144,0
DA:145,0
DA:146,0
DA:149,0
DA:150,0
DA:152,0
DA:153,0
DA:154,0
DA:156,0
DA:157,0
DA:160,0
DA:162,0
DA:167,0
DA:171,3
DA:172,0
DA:173,0
DA:174,0
DA:175,0
DA:177,0
DA:178,0
DA:179,0
DA:182,0
DA:189,0
DA:190,0
DA:192,0
DA:197,0
DA:202,0
DA:210,3
DA:211,0
DA:212,0
DA:213,0
DA:215,0
DA:216,0
DA:217,0
DA:220,0
DA:221,0
DA:222,0
DA:225,0
DA:230,0
DA:234,3
DA:235,0
DA:236,0
DA:237,0
DA:238,0
DA:241,0
DA:246,0
DA:247,0
DA:250,0
DA:257,0
DA:262,0
LF:102
LH:11
BRDA:80,0,0,0
BRDA:80,0,1,0
BRDA:112,1,0,0
BRDA:112,1,1,0
BRDA:119,2,0,0
BRDA:119,2,1,0
BRDA:145,3,0,0
BRDA:145,3,1,0
BRDA:152,4,0,0
BRDA:152,4,1,0
BRDA:178,5,0,0
BRDA:178,5,1,0
BRDA:216,6,0,0
BRDA:216,6,1,0
BRDA:220,7,0,0
BRDA:220,7,1,0
BRDA:246,8,0,0
BRDA:246,8,1,0
BRF:18
BRH:0
end_of_record
TN:
SF:src\controllers\user.controller.js
FN:4,(anonymous_0)
FN:25,(anonymous_1)
FN:26,(anonymous_2)
FN:27,(anonymous_3)
FNF:4
FNH:0
FNDA:0,(anonymous_0)
FNDA:0,(anonymous_1)
FNDA:0,(anonymous_2)
FNDA:0,(anonymous_3)
DA:1,3
DA:2,3
DA:4,3
DA:5,0
DA:6,0
DA:7,0
DA:9,0
DA:10,0
DA:11,0
DA:16,0
DA:25,0
DA:26,0
DA:27,0
DA:28,0
DA:37,0
DA:45,0
LF:16
LH:3
BRDA:10,0,0,0
BRDA:10,0,1,0
BRF:2
BRH:0
end_of_record
TN:
SF:src\middleware\auth.js
FN:3,(anonymous_0)
FNF:1
FNH:1
FNDA:5,(anonymous_0)
DA:1,3
DA:3,3
DA:4,5
DA:5,5
DA:6,2
DA:9,3
DA:10,3
DA:11,3
DA:12,0
DA:15,3
DA:16,3
DA:17,3
DA:18,3
DA:20,0
DA:24,3
LF:15
LH:13
BRDA:5,0,0,2
BRDA:5,0,1,3
BRDA:5,1,0,5
BRDA:5,1,1,3
BRDA:11,2,0,0
BRDA:11,2,1,3
BRF:6
BRH:5
end_of_record
TN:
SF:src\middleware\errorHandler.js
FN:1,(anonymous_0)
FN:19,(anonymous_1)
FNF:2
FNH:0
FNDA:0,(anonymous_0)
FNDA:0,(anonymous_1)
DA:1,3
DA:2,0
DA:3,0
DA:6,0
DA:7,0
DA:8,0
DA:9,0
DA:12,0
DA:19,3
DA:20,0
DA:26,3
LF:11
LH:3
BRDA:2,0,0,0
BRDA:2,0,1,0
BRDA:3,1,0,0
BRDA:3,1,1,0
BRDA:6,2,0,0
BRDA:6,2,1,0
BRDA:6,3,0,0
BRDA:6,3,1,0
BRDA:8,4,0,0
BRDA:8,4,1,0
BRDA:15,5,0,0
BRDA:15,5,1,0
BRF:12
BRH:0
end_of_record
TN:
SF:src\middleware\validateRequest.js
FN:3,(anonymous_0)
FN:8,(anonymous_1)
FNF:2
FNH:2
FNDA:34,(anonymous_0)
FNDA:1,(anonymous_1)
DA:1,3
DA:3,3
DA:4,34
DA:5,34
DA:6,1
DA:8,1
DA:11,33
DA:14,3
LF:8
LH:8
BRDA:5,0,0,1
BRDA:5,0,1,33
BRF:2
BRH:2
end_of_record
TN:
SF:src\models\Comentario.js
FNF:0
FNH:0
DA:1,3
DA:3,3
DA:26,3
LF:3
LH:3
BRF:0
BRH:0
end_of_record
TN:
SF:src\models\Denuncia.js
FNF:0
FNH:0
DA:1,3
DA:3,3
DA:30,3
LF:3
LH:3
BRF:0
BRH:0
end_of_record
TN:
SF:src\models\Publicacion.js
FNF:0
FNH:0
DA:1,3
DA:3,3
DA:48,3
LF:3
LH:3
BRF:0
BRH:0
end_of_record
TN:
SF:src\models\Usuario.js
FNF:0
FNH:0
DA:1,3
DA:3,3
DA:36,3
LF:3
LH:3
BRF:0
BRH:0
end_of_record
TN:
SF:src\routes\auth.routes.js
FNF:0
FNH:0
DA:1,3
DA:2,3
DA:3,3
DA:4,3
DA:5,3
DA:6,3
DA:8,3
DA:17,3
DA:19,3
DA:39,3
DA:51,3
DA:52,3
DA:53,3
DA:55,3
LF:14
LH:14
BRDA:11,0,0,3
BRDA:11,0,1,3
BRDA:11,1,0,3
BRDA:11,1,1,0
BRF:4
BRH:3
end_of_record
TN:
SF:src\routes\index.js
FN:10,(anonymous_0)
FN:14,(anonymous_1)
FNF:2
FNH:1
FNDA:0,(anonymous_0)
FNDA:2,(anonymous_1)
DA:1,3
DA:3,3
DA:4,3
DA:5,3
DA:6,3
DA:8,3
DA:10,3
DA:11,0
DA:14,3
DA:15,2
DA:18,3
DA:19,3
DA:20,3
DA:22,3
LF:14
LH:13
BRF:0
BRH:0
end_of_record
TN:
SF:src\routes\post.routes.js
FNF:0
FNH:0
DA:1,3
DA:2,3
DA:3,3
DA:4,3
DA:5,3
DA:7,3
DA:10,3
DA:15,3
DA:17,3
DA:30,3
DA:35,3
DA:36,3
DA:38,3
DA:48,3
DA:50,3
DA:60,3
LF:16
LH:16
BRF:0
BRH:0
end_of_record
TN:
SF:src\routes\user.routes.js
FNF:0
FNH:0
DA:1,3
DA:2,3
DA:3,3
DA:5,3
DA:7,3
DA:9,3
DA:11,3
LF:7
LH:7
BRF:0
BRH:0
end_of_record
